[0.377s] DEBUG:colcon:Command line arguments: ['/usr/bin/colcon', 'build', '--symlink-install']
[0.378s] DEBUG:colcon:Parsed command line arguments: Namespace(log_base=None, log_level=None, verb_name='build', build_base='build', install_base='install', merge_install=False, symlink_install=True, test_result_base=None, continue_on_error=False, executor='parallel', parallel_workers=1, event_handlers=None, ignore_user_meta=False, metas=['./colcon.meta'], base_paths=['.'], packages_ignore=None, packages_ignore_regex=None, paths=None, packages_up_to=None, packages_up_to_regex=None, packages_above=None, packages_above_and_dependencies=None, packages_above_depth=None, packages_select_by_dep=None, packages_skip_by_dep=None, packages_skip_up_to=None, packages_select_build_failed=False, packages_skip_build_finished=False, packages_select_test_failures=False, packages_skip_test_passed=False, packages_select=None, packages_skip=None, packages_select_regex=None, packages_skip_regex=None, packages_start=None, packages_end=None, allow_overriding=[], cmake_args=None, cmake_target=None, cmake_target_skip_unavailable=False, cmake_clean_cache=False, cmake_clean_first=False, cmake_force_configure=False, ament_cmake_args=None, catkin_cmake_args=None, catkin_skip_building_tests=False, verb_parser=<colcon_defaults.argument_parser.defaults.DefaultArgumentsDecorator object at 0x7fdc48ece5c0>, verb_extension=<colcon_core.verb.build.BuildVerb object at 0x7fdc48ece050>, main=<bound method BuildVerb.main of <colcon_core.verb.build.BuildVerb object at 0x7fdc48ece050>>)
[0.401s] Level 1:colcon.colcon_core.package_discovery:discover_packages(colcon_meta) check parameters
[0.401s] Level 1:colcon.colcon_core.package_discovery:discover_packages(recursive) check parameters
[0.402s] Level 1:colcon.colcon_core.package_discovery:discover_packages(ignore) check parameters
[0.402s] Level 1:colcon.colcon_core.package_discovery:discover_packages(path) check parameters
[0.402s] Level 1:colcon.colcon_core.package_discovery:discover_packages(colcon_meta) discover
[0.402s] Level 1:colcon.colcon_core.package_discovery:discover_packages(recursive) discover
[0.402s] INFO:colcon.colcon_core.package_discovery:Crawling recursively for packages in '/home/jeremi/ros2_ws/src'
[0.402s] Level 1:colcon.colcon_core.package_identification:_identify(.) by extensions ['ignore', 'ignore_ament_install']
[0.403s] Level 1:colcon.colcon_core.package_identification:_identify(.) by extension 'ignore'
[0.403s] Level 1:colcon.colcon_core.package_identification:_identify(.) by extension 'ignore_ament_install'
[0.403s] Level 1:colcon.colcon_core.package_identification:_identify(.) by extensions ['colcon_pkg']
[0.403s] Level 1:colcon.colcon_core.package_identification:_identify(.) by extension 'colcon_pkg'
[0.403s] Level 1:colcon.colcon_core.package_identification:_identify(.) by extensions ['colcon_meta']
[0.403s] Level 1:colcon.colcon_core.package_identification:_identify(.) by extension 'colcon_meta'
[0.404s] Level 1:colcon.colcon_core.package_identification:_identify(.) by extensions ['ros']
[0.404s] Level 1:colcon.colcon_core.package_identification:_identify(.) by extension 'ros'
[0.415s] Level 1:colcon.colcon_core.package_identification:_identify(.) by extensions ['cmake', 'python']
[0.415s] Level 1:colcon.colcon_core.package_identification:_identify(.) by extension 'cmake'
[0.415s] Level 1:colcon.colcon_core.package_identification:_identify(.) by extension 'python'
[0.416s] Level 1:colcon.colcon_core.package_identification:_identify(.) by extensions ['python_setup_py']
[0.416s] Level 1:colcon.colcon_core.package_identification:_identify(.) by extension 'python_setup_py'
[0.416s] Level 1:colcon.colcon_core.package_identification:_identify(build) by extensions ['ignore', 'ignore_ament_install']
[0.416s] Level 1:colcon.colcon_core.package_identification:_identify(build) by extension 'ignore'
[0.416s] Level 1:colcon.colcon_core.package_identification:_identify(build) ignored
[0.417s] Level 1:colcon.colcon_core.package_identification:_identify(install) by extensions ['ignore', 'ignore_ament_install']
[0.417s] Level 1:colcon.colcon_core.package_identification:_identify(install) by extension 'ignore'
[0.417s] Level 1:colcon.colcon_core.package_identification:_identify(install) ignored
[0.417s] Level 1:colcon.colcon_core.package_identification:_identify(log) by extensions ['ignore', 'ignore_ament_install']
[0.418s] Level 1:colcon.colcon_core.package_identification:_identify(log) by extension 'ignore'
[0.418s] Level 1:colcon.colcon_core.package_identification:_identify(log) ignored
[0.418s] Level 1:colcon.colcon_core.package_identification:_identify(my_robot_controller) by extensions ['ignore', 'ignore_ament_install']
[0.418s] Level 1:colcon.colcon_core.package_identification:_identify(my_robot_controller) by extension 'ignore'
[0.418s] Level 1:colcon.colcon_core.package_identification:_identify(my_robot_controller) by extension 'ignore_ament_install'
[0.418s] Level 1:colcon.colcon_core.package_identification:_identify(my_robot_controller) by extensions ['colcon_pkg']
[0.419s] Level 1:colcon.colcon_core.package_identification:_identify(my_robot_controller) by extension 'colcon_pkg'
[0.419s] Level 1:colcon.colcon_core.package_identification:_identify(my_robot_controller) by extensions ['colcon_meta']
[0.419s] Level 1:colcon.colcon_core.package_identification:_identify(my_robot_controller) by extension 'colcon_meta'
[0.419s] Level 1:colcon.colcon_core.package_identification:_identify(my_robot_controller) by extensions ['ros']
[0.419s] Level 1:colcon.colcon_core.package_identification:_identify(my_robot_controller) by extension 'ros'
[0.422s] DEBUG:colcon.colcon_core.package_identification:Package 'my_robot_controller' with type 'ros.ament_python' and name 'my_robot_controller'
[0.422s] Level 1:colcon.colcon_core.package_identification:_identify(urdf_controller) by extensions ['ignore', 'ignore_ament_install']
[0.422s] Level 1:colcon.colcon_core.package_identification:_identify(urdf_controller) by extension 'ignore'
[0.422s] Level 1:colcon.colcon_core.package_identification:_identify(urdf_controller) by extension 'ignore_ament_install'
[0.423s] Level 1:colcon.colcon_core.package_identification:_identify(urdf_controller) by extensions ['colcon_pkg']
[0.423s] Level 1:colcon.colcon_core.package_identification:_identify(urdf_controller) by extension 'colcon_pkg'
[0.423s] Level 1:colcon.colcon_core.package_identification:_identify(urdf_controller) by extensions ['colcon_meta']
[0.423s] Level 1:colcon.colcon_core.package_identification:_identify(urdf_controller) by extension 'colcon_meta'
[0.423s] Level 1:colcon.colcon_core.package_identification:_identify(urdf_controller) by extensions ['ros']
[0.423s] Level 1:colcon.colcon_core.package_identification:_identify(urdf_controller) by extension 'ros'
[0.428s] DEBUG:colcon.colcon_core.package_identification:Package 'urdf_controller' with type 'ros.ament_python' and name 'urdf_controller'
[0.428s] Level 1:colcon.colcon_core.package_discovery:discover_packages(recursive) using defaults
[0.428s] Level 1:colcon.colcon_core.package_discovery:discover_packages(ignore) discover
[0.429s] Level 1:colcon.colcon_core.package_discovery:discover_packages(ignore) using defaults
[0.429s] Level 1:colcon.colcon_core.package_discovery:discover_packages(path) discover
[0.429s] Level 1:colcon.colcon_core.package_discovery:discover_packages(path) using defaults
[0.454s] Level 1:colcon.colcon_core.package_discovery:discover_packages(prefix_path) check parameters
[0.454s] Level 1:colcon.colcon_core.package_discovery:discover_packages(prefix_path) discover
[0.459s] DEBUG:colcon.colcon_installed_package_information.package_discovery:Found 2 installed packages in /home/jeremi/ros2_ws/src/install
[0.460s] DEBUG:colcon.colcon_installed_package_information.package_discovery:Found 2 installed packages in /home/jeremi/ros2_ws/install
[0.462s] DEBUG:colcon.colcon_installed_package_information.package_discovery:Found 274 installed packages in /opt/ros/humble
[0.463s] Level 1:colcon.colcon_core.package_discovery:discover_packages(prefix_path) using defaults
[0.533s] Level 5:colcon.colcon_core.verb:set package 'my_robot_controller' build argument 'cmake_args' from command line to 'None'
[0.533s] Level 5:colcon.colcon_core.verb:set package 'my_robot_controller' build argument 'cmake_target' from command line to 'None'
[0.533s] Level 5:colcon.colcon_core.verb:set package 'my_robot_controller' build argument 'cmake_target_skip_unavailable' from command line to 'False'
[0.533s] Level 5:colcon.colcon_core.verb:set package 'my_robot_controller' build argument 'cmake_clean_cache' from command line to 'False'
[0.534s] Level 5:colcon.colcon_core.verb:set package 'my_robot_controller' build argument 'cmake_clean_first' from command line to 'False'
[0.534s] Level 5:colcon.colcon_core.verb:set package 'my_robot_controller' build argument 'cmake_force_configure' from command line to 'False'
[0.534s] Level 5:colcon.colcon_core.verb:set package 'my_robot_controller' build argument 'ament_cmake_args' from command line to 'None'
[0.534s] Level 5:colcon.colcon_core.verb:set package 'my_robot_controller' build argument 'catkin_cmake_args' from command line to 'None'
[0.534s] Level 5:colcon.colcon_core.verb:set package 'my_robot_controller' build argument 'catkin_skip_building_tests' from command line to 'False'
[0.534s] DEBUG:colcon.colcon_core.verb:Building package 'my_robot_controller' with the following arguments: {'ament_cmake_args': None, 'build_base': '/home/jeremi/ros2_ws/src/build/my_robot_controller', 'catkin_cmake_args': None, 'catkin_skip_building_tests': False, 'cmake_args': None, 'cmake_clean_cache': False, 'cmake_clean_first': False, 'cmake_force_configure': False, 'cmake_target': None, 'cmake_target_skip_unavailable': False, 'install_base': '/home/jeremi/ros2_ws/src/install/my_robot_controller', 'merge_install': False, 'path': '/home/jeremi/ros2_ws/src/my_robot_controller', 'symlink_install': True, 'test_result_base': None}
[0.542s] Level 5:colcon.colcon_core.verb:set package 'urdf_controller' build argument 'cmake_args' from command line to 'None'
[0.542s] Level 5:colcon.colcon_core.verb:set package 'urdf_controller' build argument 'cmake_target' from command line to 'None'
[0.542s] Level 5:colcon.colcon_core.verb:set package 'urdf_controller' build argument 'cmake_target_skip_unavailable' from command line to 'False'
[0.542s] Level 5:colcon.colcon_core.verb:set package 'urdf_controller' build argument 'cmake_clean_cache' from command line to 'False'
[0.542s] Level 5:colcon.colcon_core.verb:set package 'urdf_controller' build argument 'cmake_clean_first' from command line to 'False'
[0.542s] Level 5:colcon.colcon_core.verb:set package 'urdf_controller' build argument 'cmake_force_configure' from command line to 'False'
[0.543s] Level 5:colcon.colcon_core.verb:set package 'urdf_controller' build argument 'ament_cmake_args' from command line to 'None'
[0.543s] Level 5:colcon.colcon_core.verb:set package 'urdf_controller' build argument 'catkin_cmake_args' from command line to 'None'
[0.543s] Level 5:colcon.colcon_core.verb:set package 'urdf_controller' build argument 'catkin_skip_building_tests' from command line to 'False'
[0.543s] DEBUG:colcon.colcon_core.verb:Building package 'urdf_controller' with the following arguments: {'ament_cmake_args': None, 'build_base': '/home/jeremi/ros2_ws/src/build/urdf_controller', 'catkin_cmake_args': None, 'catkin_skip_building_tests': False, 'cmake_args': None, 'cmake_clean_cache': False, 'cmake_clean_first': False, 'cmake_force_configure': False, 'cmake_target': None, 'cmake_target_skip_unavailable': False, 'install_base': '/home/jeremi/ros2_ws/src/install/urdf_controller', 'merge_install': False, 'path': '/home/jeremi/ros2_ws/src/urdf_controller', 'symlink_install': True, 'test_result_base': None}
[0.544s] INFO:colcon.colcon_core.executor:Executing jobs using 'parallel' executor
[0.548s] DEBUG:colcon.colcon_parallel_executor.executor.parallel:run_until_complete
[0.549s] INFO:colcon.colcon_ros.task.ament_python.build:Building ROS package in '/home/jeremi/ros2_ws/src/my_robot_controller' with build type 'ament_python'
[0.549s] Level 1:colcon.colcon_core.shell:create_environment_hook('my_robot_controller', 'ament_prefix_path')
[0.553s] INFO:colcon.colcon_core.plugin_system:Skipping extension 'colcon_core.shell.bat': Not used on non-Windows systems
[0.554s] INFO:colcon.colcon_core.shell:Creating environment hook '/home/jeremi/ros2_ws/src/install/my_robot_controller/share/my_robot_controller/hook/ament_prefix_path.ps1'
[0.556s] INFO:colcon.colcon_core.shell:Creating environment descriptor '/home/jeremi/ros2_ws/src/install/my_robot_controller/share/my_robot_controller/hook/ament_prefix_path.dsv'
[0.558s] INFO:colcon.colcon_core.shell:Creating environment hook '/home/jeremi/ros2_ws/src/install/my_robot_controller/share/my_robot_controller/hook/ament_prefix_path.sh'
[0.562s] INFO:colcon.colcon_core.shell:Skip shell extension 'powershell' for command environment: Not usable outside of PowerShell
[0.562s] DEBUG:colcon.colcon_core.shell:Skip shell extension 'dsv' for command environment
[0.946s] INFO:colcon.colcon_core.task.python.build:Building Python package in '/home/jeremi/ros2_ws/src/my_robot_controller'
[0.947s] INFO:colcon.colcon_core.shell:Skip shell extension 'powershell' for command environment: Not usable outside of PowerShell
[0.948s] DEBUG:colcon.colcon_core.shell:Skip shell extension 'dsv' for command environment
[1.465s] DEBUG:colcon.colcon_core.task.python.build:While undoing a previous installation files outside the Python library path are being ignored: /home/jeremi/ros2_ws/src/install/my_robot_controller/share/ament_index/resource_index/packages/my_robot_controller
[1.465s] DEBUG:colcon.colcon_core.task.python.build:While undoing a previous installation files outside the Python library path are being ignored: /home/jeremi/ros2_ws/src/install/my_robot_controller/share/my_robot_controller/package.xml
[1.465s] DEBUG:colcon.colcon_core.task.python.build:While undoing a previous installation files outside the Python library path are being ignored: /home/jeremi/ros2_ws/src/install/my_robot_controller/lib/my_robot_controller/draw_circle
[1.465s] DEBUG:colcon.colcon_core.task.python.build:While undoing a previous installation files outside the Python library path are being ignored: /home/jeremi/ros2_ws/src/install/my_robot_controller/lib/my_robot_controller/pose_subscriber
[1.465s] DEBUG:colcon.colcon_core.task.python.build:While undoing a previous installation files outside the Python library path are being ignored: /home/jeremi/ros2_ws/src/install/my_robot_controller/lib/my_robot_controller/test_node
[1.465s] DEBUG:colcon.colcon_core.task.python.build:While undoing a previous installation files outside the Python library path are being ignored: /home/jeremi/ros2_ws/src/install/my_robot_controller/lib/my_robot_controller/turtle_controller
[1.475s] DEBUG:colcon.colcon_core.event_handler.log_command:Invoking command in '/home/jeremi/ros2_ws/src/build/my_robot_controller': PYTHONPATH=/home/jeremi/ros2_ws/src/build/my_robot_controller/prefix_override:/home/jeremi/ros2_ws/src/install/my_robot_controller/lib/python3.10/site-packages:${PYTHONPATH} /usr/bin/python3 setup.py develop --editable --build-directory /home/jeremi/ros2_ws/src/build/my_robot_controller/build --no-deps install_data
[2.134s] Level 1:colcon.colcon_core.shell:create_environment_hook('my_robot_controller', 'pythonpath_develop')
[2.136s] INFO:colcon.colcon_core.shell:Creating environment hook '/home/jeremi/ros2_ws/src/build/my_robot_controller/share/my_robot_controller/hook/pythonpath_develop.ps1'
[2.135s] DEBUG:colcon.colcon_core.event_handler.log_command:Invoked command in '/home/jeremi/ros2_ws/src/build/my_robot_controller' returned '0': PYTHONPATH=/home/jeremi/ros2_ws/src/build/my_robot_controller/prefix_override:/home/jeremi/ros2_ws/src/install/my_robot_controller/lib/python3.10/site-packages:${PYTHONPATH} /usr/bin/python3 setup.py develop --editable --build-directory /home/jeremi/ros2_ws/src/build/my_robot_controller/build --no-deps install_data
[2.139s] INFO:colcon.colcon_core.shell:Creating environment descriptor '/home/jeremi/ros2_ws/src/build/my_robot_controller/share/my_robot_controller/hook/pythonpath_develop.dsv'
[2.140s] INFO:colcon.colcon_core.shell:Creating environment hook '/home/jeremi/ros2_ws/src/build/my_robot_controller/share/my_robot_controller/hook/pythonpath_develop.sh'
[2.149s] Level 1:colcon.colcon_core.environment:checking '/home/jeremi/ros2_ws/src/install/my_robot_controller' for CMake module files
[2.149s] Level 1:colcon.colcon_core.environment:checking '/home/jeremi/ros2_ws/src/install/my_robot_controller' for CMake config files
[2.150s] Level 1:colcon.colcon_core.environment:checking '/home/jeremi/ros2_ws/src/install/my_robot_controller/lib'
[2.150s] Level 1:colcon.colcon_core.environment:checking '/home/jeremi/ros2_ws/src/install/my_robot_controller/bin'
[2.150s] Level 1:colcon.colcon_core.environment:checking '/home/jeremi/ros2_ws/src/install/my_robot_controller/lib/pkgconfig/my_robot_controller.pc'
[2.151s] Level 1:colcon.colcon_core.environment:checking '/home/jeremi/ros2_ws/src/install/my_robot_controller/lib/python3.10/site-packages'
[2.151s] Level 1:colcon.colcon_core.shell:create_environment_hook('my_robot_controller', 'pythonpath')
[2.153s] INFO:colcon.colcon_core.shell:Creating environment hook '/home/jeremi/ros2_ws/src/install/my_robot_controller/share/my_robot_controller/hook/pythonpath.ps1'
[2.154s] INFO:colcon.colcon_core.shell:Creating environment descriptor '/home/jeremi/ros2_ws/src/install/my_robot_controller/share/my_robot_controller/hook/pythonpath.dsv'
[2.155s] INFO:colcon.colcon_core.shell:Creating environment hook '/home/jeremi/ros2_ws/src/install/my_robot_controller/share/my_robot_controller/hook/pythonpath.sh'
[2.156s] Level 1:colcon.colcon_core.environment:checking '/home/jeremi/ros2_ws/src/install/my_robot_controller/bin'
[2.157s] Level 1:colcon.colcon_core.environment:create_environment_scripts_only(my_robot_controller)
[2.158s] INFO:colcon.colcon_core.shell:Creating package script '/home/jeremi/ros2_ws/src/install/my_robot_controller/share/my_robot_controller/package.ps1'
[2.160s] INFO:colcon.colcon_core.shell:Creating package descriptor '/home/jeremi/ros2_ws/src/install/my_robot_controller/share/my_robot_controller/package.dsv'
[2.161s] INFO:colcon.colcon_core.shell:Creating package script '/home/jeremi/ros2_ws/src/install/my_robot_controller/share/my_robot_controller/package.sh'
[2.163s] INFO:colcon.colcon_core.shell:Creating package script '/home/jeremi/ros2_ws/src/install/my_robot_controller/share/my_robot_controller/package.bash'
[2.164s] INFO:colcon.colcon_core.shell:Creating package script '/home/jeremi/ros2_ws/src/install/my_robot_controller/share/my_robot_controller/package.zsh'
[2.165s] Level 1:colcon.colcon_core.environment:create_file_with_runtime_dependencies(/home/jeremi/ros2_ws/src/install/my_robot_controller/share/colcon-core/packages/my_robot_controller)
[2.167s] INFO:colcon.colcon_ros.task.ament_python.build:Building ROS package in '/home/jeremi/ros2_ws/src/urdf_controller' with build type 'ament_python'
[2.168s] Level 1:colcon.colcon_core.shell:create_environment_hook('urdf_controller', 'ament_prefix_path')
[2.169s] INFO:colcon.colcon_core.shell:Creating environment hook '/home/jeremi/ros2_ws/src/install/urdf_controller/share/urdf_controller/hook/ament_prefix_path.ps1'
[2.170s] INFO:colcon.colcon_core.shell:Creating environment descriptor '/home/jeremi/ros2_ws/src/install/urdf_controller/share/urdf_controller/hook/ament_prefix_path.dsv'
[2.171s] INFO:colcon.colcon_core.shell:Creating environment hook '/home/jeremi/ros2_ws/src/install/urdf_controller/share/urdf_controller/hook/ament_prefix_path.sh'
[2.173s] INFO:colcon.colcon_core.shell:Skip shell extension 'powershell' for command environment: Not usable outside of PowerShell
[2.173s] DEBUG:colcon.colcon_core.shell:Skip shell extension 'dsv' for command environment
[2.566s] INFO:colcon.colcon_core.task.python.build:Building Python package in '/home/jeremi/ros2_ws/src/urdf_controller'
[2.568s] INFO:colcon.colcon_core.shell:Skip shell extension 'powershell' for command environment: Not usable outside of PowerShell
[2.568s] DEBUG:colcon.colcon_core.shell:Skip shell extension 'dsv' for command environment
[2.970s] DEBUG:colcon.colcon_core.task.python.build:While undoing a previous installation files outside the Python library path are being ignored: /home/jeremi/ros2_ws/src/install/urdf_controller/share/ament_index/resource_index/packages/urdf_controller
[2.970s] DEBUG:colcon.colcon_core.task.python.build:While undoing a previous installation files outside the Python library path are being ignored: /home/jeremi/ros2_ws/src/install/urdf_controller/share/urdf_controller/package.xml
[2.970s] DEBUG:colcon.colcon_core.task.python.build:While undoing a previous installation files outside the Python library path are being ignored: /home/jeremi/ros2_ws/src/install/urdf_controller/share/urdf_controller/demo.launch.py
[2.970s] DEBUG:colcon.colcon_core.task.python.build:While undoing a previous installation files outside the Python library path are being ignored: /home/jeremi/ros2_ws/src/install/urdf_controller/share/urdf_controller/myfirst.urdf
[2.970s] DEBUG:colcon.colcon_core.task.python.build:While undoing a previous installation files outside the Python library path are being ignored: /home/jeremi/ros2_ws/src/install/urdf_controller/share/urdf_controller/urdf.rviz
[2.973s] DEBUG:colcon.colcon_core.event_handler.log_command:Invoking command in '/home/jeremi/ros2_ws/src/build/urdf_controller': PYTHONPATH=/home/jeremi/ros2_ws/src/build/urdf_controller/prefix_override:/home/jeremi/ros2_ws/src/install/urdf_controller/lib/python3.10/site-packages:${PYTHONPATH} /usr/bin/python3 setup.py develop --editable --build-directory /home/jeremi/ros2_ws/src/build/urdf_controller/build --no-deps install_data
[3.805s] Level 1:colcon.colcon_core.shell:create_environment_hook('urdf_controller', 'pythonpath_develop')
[3.809s] INFO:colcon.colcon_core.shell:Creating environment hook '/home/jeremi/ros2_ws/src/build/urdf_controller/share/urdf_controller/hook/pythonpath_develop.ps1'
[3.807s] DEBUG:colcon.colcon_core.event_handler.log_command:Invoked command in '/home/jeremi/ros2_ws/src/build/urdf_controller' returned '0': PYTHONPATH=/home/jeremi/ros2_ws/src/build/urdf_controller/prefix_override:/home/jeremi/ros2_ws/src/install/urdf_controller/lib/python3.10/site-packages:${PYTHONPATH} /usr/bin/python3 setup.py develop --editable --build-directory /home/jeremi/ros2_ws/src/build/urdf_controller/build --no-deps install_data
[3.810s] INFO:colcon.colcon_core.shell:Creating environment descriptor '/home/jeremi/ros2_ws/src/build/urdf_controller/share/urdf_controller/hook/pythonpath_develop.dsv'
[3.811s] INFO:colcon.colcon_core.shell:Creating environment hook '/home/jeremi/ros2_ws/src/build/urdf_controller/share/urdf_controller/hook/pythonpath_develop.sh'
[3.813s] Level 1:colcon.colcon_core.environment:checking '/home/jeremi/ros2_ws/src/install/urdf_controller' for CMake module files
[3.814s] Level 1:colcon.colcon_core.environment:checking '/home/jeremi/ros2_ws/src/install/urdf_controller' for CMake config files
[3.815s] Level 1:colcon.colcon_core.environment:checking '/home/jeremi/ros2_ws/src/install/urdf_controller/lib'
[3.815s] Level 1:colcon.colcon_core.environment:checking '/home/jeremi/ros2_ws/src/install/urdf_controller/bin'
[3.815s] Level 1:colcon.colcon_core.environment:checking '/home/jeremi/ros2_ws/src/install/urdf_controller/lib/pkgconfig/urdf_controller.pc'
[3.815s] Level 1:colcon.colcon_core.environment:checking '/home/jeremi/ros2_ws/src/install/urdf_controller/lib/python3.10/site-packages'
[3.815s] Level 1:colcon.colcon_core.shell:create_environment_hook('urdf_controller', 'pythonpath')
[3.817s] INFO:colcon.colcon_core.shell:Creating environment hook '/home/jeremi/ros2_ws/src/install/urdf_controller/share/urdf_controller/hook/pythonpath.ps1'
[3.818s] INFO:colcon.colcon_core.shell:Creating environment descriptor '/home/jeremi/ros2_ws/src/install/urdf_controller/share/urdf_controller/hook/pythonpath.dsv'
[3.820s] INFO:colcon.colcon_core.shell:Creating environment hook '/home/jeremi/ros2_ws/src/install/urdf_controller/share/urdf_controller/hook/pythonpath.sh'
[3.821s] Level 1:colcon.colcon_core.environment:checking '/home/jeremi/ros2_ws/src/install/urdf_controller/bin'
[3.821s] Level 1:colcon.colcon_core.environment:create_environment_scripts_only(urdf_controller)
[3.824s] INFO:colcon.colcon_core.shell:Creating package script '/home/jeremi/ros2_ws/src/install/urdf_controller/share/urdf_controller/package.ps1'
[3.826s] INFO:colcon.colcon_core.shell:Creating package descriptor '/home/jeremi/ros2_ws/src/install/urdf_controller/share/urdf_controller/package.dsv'
[3.827s] INFO:colcon.colcon_core.shell:Creating package script '/home/jeremi/ros2_ws/src/install/urdf_controller/share/urdf_controller/package.sh'
[3.828s] INFO:colcon.colcon_core.shell:Creating package script '/home/jeremi/ros2_ws/src/install/urdf_controller/share/urdf_controller/package.bash'
[3.829s] INFO:colcon.colcon_core.shell:Creating package script '/home/jeremi/ros2_ws/src/install/urdf_controller/share/urdf_controller/package.zsh'
[3.830s] Level 1:colcon.colcon_core.environment:create_file_with_runtime_dependencies(/home/jeremi/ros2_ws/src/install/urdf_controller/share/colcon-core/packages/urdf_controller)
[3.832s] DEBUG:colcon.colcon_parallel_executor.executor.parallel:closing loop
[3.832s] DEBUG:colcon.colcon_parallel_executor.executor.parallel:loop closed
[3.832s] DEBUG:colcon.colcon_parallel_executor.executor.parallel:run_until_complete finished with '0'
[3.832s] DEBUG:colcon.colcon_core.event_reactor:joining thread
[3.839s] INFO:colcon.colcon_core.plugin_system:Skipping extension 'colcon_notification.desktop_notification.terminal_notifier': Not used on non-Darwin systems
[3.839s] INFO:colcon.colcon_core.plugin_system:Skipping extension 'colcon_notification.desktop_notification.win32': Not used on non-Windows systems
[3.839s] INFO:colcon.colcon_notification.desktop_notification:Sending desktop notification using 'notify2'
[3.852s] DEBUG:colcon.colcon_core.event_reactor:joined thread
[3.854s] INFO:colcon.colcon_core.shell:Creating prefix script '/home/jeremi/ros2_ws/src/install/local_setup.ps1'
[3.858s] INFO:colcon.colcon_core.shell:Creating prefix util module '/home/jeremi/ros2_ws/src/install/_local_setup_util_ps1.py'
[3.860s] INFO:colcon.colcon_core.shell:Creating prefix chain script '/home/jeremi/ros2_ws/src/install/setup.ps1'
[3.868s] INFO:colcon.colcon_core.shell:Creating prefix script '/home/jeremi/ros2_ws/src/install/local_setup.sh'
[3.870s] INFO:colcon.colcon_core.shell:Creating prefix util module '/home/jeremi/ros2_ws/src/install/_local_setup_util_sh.py'
[3.871s] INFO:colcon.colcon_core.shell:Creating prefix chain script '/home/jeremi/ros2_ws/src/install/setup.sh'
[3.879s] INFO:colcon.colcon_core.shell:Creating prefix script '/home/jeremi/ros2_ws/src/install/local_setup.bash'
[3.891s] INFO:colcon.colcon_core.shell:Creating prefix chain script '/home/jeremi/ros2_ws/src/install/setup.bash'
[3.893s] INFO:colcon.colcon_core.shell:Creating prefix script '/home/jeremi/ros2_ws/src/install/local_setup.zsh'
[3.894s] INFO:colcon.colcon_core.shell:Creating prefix chain script '/home/jeremi/ros2_ws/src/install/setup.zsh'
