[1.055s] Invoking command in '/home/jeremi/ros2_ws/src/build/my_robot_controller': PYTHONPATH=/home/jeremi/ros2_ws/src/build/my_robot_controller/prefix_override:/home/jeremi/ros2_ws/src/install/my_robot_controller/lib/python3.10/site-packages:${PYTHONPATH} /usr/bin/python3 setup.py develop --uninstall --editable --build-directory /home/jeremi/ros2_ws/src/build/my_robot_controller/build
[1.479s] running develop
[1.702s] Removing /home/jeremi/ros2_ws/src/install/my_robot_controller/lib/python3.10/site-packages/my-robot-controller.egg-link (link to .)
[1.762s] Invoked command in '/home/jeremi/ros2_ws/src/build/my_robot_controller' returned '0': PYTHONPATH=/home/jeremi/ros2_ws/src/build/my_robot_controller/prefix_override:/home/jeremi/ros2_ws/src/install/my_robot_controller/lib/python3.10/site-packages:${PYTHONPATH} /usr/bin/python3 setup.py develop --uninstall --editable --build-directory /home/jeremi/ros2_ws/src/build/my_robot_controller/build
[1.767s] Invoking command in '/home/jeremi/ros2_ws/src/my_robot_controller': PYTHONPATH=/home/jeremi/ros2_ws/src/build/my_robot_controller/prefix_override:/home/jeremi/ros2_ws/src/install/my_robot_controller/lib/python3.10/site-packages:${PYTHONPATH} /usr/bin/python3 setup.py egg_info --egg-base ../build/my_robot_controller build --build-base /home/jeremi/ros2_ws/src/build/my_robot_controller/build install --record /home/jeremi/ros2_ws/src/build/my_robot_controller/install.log --single-version-externally-managed
[2.151s] running egg_info
[2.154s] writing ../build/my_robot_controller/my_robot_controller.egg-info/PKG-INFO
[2.157s] writing dependency_links to ../build/my_robot_controller/my_robot_controller.egg-info/dependency_links.txt
[2.159s] writing entry points to ../build/my_robot_controller/my_robot_controller.egg-info/entry_points.txt
[2.160s] writing requirements to ../build/my_robot_controller/my_robot_controller.egg-info/requires.txt
[2.162s] writing top-level names to ../build/my_robot_controller/my_robot_controller.egg-info/top_level.txt
[2.165s] reading manifest file '../build/my_robot_controller/my_robot_controller.egg-info/SOURCES.txt'
[2.167s] writing manifest file '../build/my_robot_controller/my_robot_controller.egg-info/SOURCES.txt'
[2.168s] running build
[2.169s] running build_py
[2.170s] creating /home/jeremi/ros2_ws/src/build/my_robot_controller/build
[2.170s] creating /home/jeremi/ros2_ws/src/build/my_robot_controller/build/lib
[2.171s] creating /home/jeremi/ros2_ws/src/build/my_robot_controller/build/lib/my_robot_controller
[2.172s] copying my_robot_controller/__init__.py -> /home/jeremi/ros2_ws/src/build/my_robot_controller/build/lib/my_robot_controller
[2.173s] copying my_robot_controller/my_first_node.py -> /home/jeremi/ros2_ws/src/build/my_robot_controller/build/lib/my_robot_controller
[2.175s] copying my_robot_controller/turtle_controller.py -> /home/jeremi/ros2_ws/src/build/my_robot_controller/build/lib/my_robot_controller
[2.175s] copying my_robot_controller/pose_subscriber.py -> /home/jeremi/ros2_ws/src/build/my_robot_controller/build/lib/my_robot_controller
[2.176s] copying my_robot_controller/draw_circle.py -> /home/jeremi/ros2_ws/src/build/my_robot_controller/build/lib/my_robot_controller
[2.179s] running install
[2.180s] running install_lib
[2.181s] creating /home/jeremi/ros2_ws/src/install/my_robot_controller/lib/python3.10/site-packages/my_robot_controller
[2.181s] copying /home/jeremi/ros2_ws/src/build/my_robot_controller/build/lib/my_robot_controller/__init__.py -> /home/jeremi/ros2_ws/src/install/my_robot_controller/lib/python3.10/site-packages/my_robot_controller
[2.182s] copying /home/jeremi/ros2_ws/src/build/my_robot_controller/build/lib/my_robot_controller/my_first_node.py -> /home/jeremi/ros2_ws/src/install/my_robot_controller/lib/python3.10/site-packages/my_robot_controller
[2.185s] copying /home/jeremi/ros2_ws/src/build/my_robot_controller/build/lib/my_robot_controller/turtle_controller.py -> /home/jeremi/ros2_ws/src/install/my_robot_controller/lib/python3.10/site-packages/my_robot_controller
[2.185s] copying /home/jeremi/ros2_ws/src/build/my_robot_controller/build/lib/my_robot_controller/pose_subscriber.py -> /home/jeremi/ros2_ws/src/install/my_robot_controller/lib/python3.10/site-packages/my_robot_controller
[2.186s] copying /home/jeremi/ros2_ws/src/build/my_robot_controller/build/lib/my_robot_controller/draw_circle.py -> /home/jeremi/ros2_ws/src/install/my_robot_controller/lib/python3.10/site-packages/my_robot_controller
[2.186s] byte-compiling /home/jeremi/ros2_ws/src/install/my_robot_controller/lib/python3.10/site-packages/my_robot_controller/__init__.py to __init__.cpython-310.pyc
[2.187s] byte-compiling /home/jeremi/ros2_ws/src/install/my_robot_controller/lib/python3.10/site-packages/my_robot_controller/my_first_node.py to my_first_node.cpython-310.pyc
[2.187s] byte-compiling /home/jeremi/ros2_ws/src/install/my_robot_controller/lib/python3.10/site-packages/my_robot_controller/turtle_controller.py to turtle_controller.cpython-310.pyc
[2.192s] byte-compiling /home/jeremi/ros2_ws/src/install/my_robot_controller/lib/python3.10/site-packages/my_robot_controller/pose_subscriber.py to pose_subscriber.cpython-310.pyc
[2.193s] byte-compiling /home/jeremi/ros2_ws/src/install/my_robot_controller/lib/python3.10/site-packages/my_robot_controller/draw_circle.py to draw_circle.cpython-310.pyc
[2.194s] running install_data
[2.196s] running install_egg_info
[2.197s] Copying ../build/my_robot_controller/my_robot_controller.egg-info to /home/jeremi/ros2_ws/src/install/my_robot_controller/lib/python3.10/site-packages/my_robot_controller-0.0.0-py3.10.egg-info
[2.203s] running install_scripts
[2.237s] Installing draw_circle script to /home/jeremi/ros2_ws/src/install/my_robot_controller/lib/my_robot_controller
[2.239s] Installing pose_subscriber script to /home/jeremi/ros2_ws/src/install/my_robot_controller/lib/my_robot_controller
[2.240s] Installing test_node script to /home/jeremi/ros2_ws/src/install/my_robot_controller/lib/my_robot_controller
[2.242s] Installing turtle_controller script to /home/jeremi/ros2_ws/src/install/my_robot_controller/lib/my_robot_controller
[2.244s] writing list of installed files to '/home/jeremi/ros2_ws/src/build/my_robot_controller/install.log'
[2.296s] Invoked command in '/home/jeremi/ros2_ws/src/my_robot_controller' returned '0': PYTHONPATH=/home/jeremi/ros2_ws/src/build/my_robot_controller/prefix_override:/home/jeremi/ros2_ws/src/install/my_robot_controller/lib/python3.10/site-packages:${PYTHONPATH} /usr/bin/python3 setup.py egg_info --egg-base ../build/my_robot_controller build --build-base /home/jeremi/ros2_ws/src/build/my_robot_controller/build install --record /home/jeremi/ros2_ws/src/build/my_robot_controller/install.log --single-version-externally-managed
