[0.464s] DEBUG:colcon:Command line arguments: ['/usr/bin/colcon', 'build']
[0.464s] DEBUG:colcon:Parsed command line arguments: Namespace(log_base=None, log_level=None, verb_name='build', build_base='build', install_base='install', merge_install=False, symlink_install=False, test_result_base=None, continue_on_error=False, executor='parallel', parallel_workers=1, event_handlers=None, ignore_user_meta=False, metas=['./colcon.meta'], base_paths=['.'], packages_ignore=None, packages_ignore_regex=None, paths=None, packages_up_to=None, packages_up_to_regex=None, packages_above=None, packages_above_and_dependencies=None, packages_above_depth=None, packages_select_by_dep=None, packages_skip_by_dep=None, packages_skip_up_to=None, packages_select_build_failed=False, packages_skip_build_finished=False, packages_select_test_failures=False, packages_skip_test_passed=False, packages_select=None, packages_skip=None, packages_select_regex=None, packages_skip_regex=None, packages_start=None, packages_end=None, allow_overriding=[], cmake_args=None, cmake_target=None, cmake_target_skip_unavailable=False, cmake_clean_cache=False, cmake_clean_first=False, cmake_force_configure=False, ament_cmake_args=None, catkin_cmake_args=None, catkin_skip_building_tests=False, verb_parser=<colcon_defaults.argument_parser.defaults.DefaultArgumentsDecorator object at 0x7f416c6769e0>, verb_extension=<colcon_core.verb.build.BuildVerb object at 0x7f416c676470>, main=<bound method BuildVerb.main of <colcon_core.verb.build.BuildVerb object at 0x7f416c676470>>)
[0.494s] Level 1:colcon.colcon_core.package_discovery:discover_packages(colcon_meta) check parameters
[0.495s] Level 1:colcon.colcon_core.package_discovery:discover_packages(recursive) check parameters
[0.495s] Level 1:colcon.colcon_core.package_discovery:discover_packages(ignore) check parameters
[0.495s] Level 1:colcon.colcon_core.package_discovery:discover_packages(path) check parameters
[0.495s] Level 1:colcon.colcon_core.package_discovery:discover_packages(colcon_meta) discover
[0.495s] Level 1:colcon.colcon_core.package_discovery:discover_packages(recursive) discover
[0.496s] INFO:colcon.colcon_core.package_discovery:Crawling recursively for packages in '/home/jeremi/ros2_ws/src'
[0.496s] Level 1:colcon.colcon_core.package_identification:_identify(.) by extensions ['ignore', 'ignore_ament_install']
[0.496s] Level 1:colcon.colcon_core.package_identification:_identify(.) by extension 'ignore'
[0.496s] Level 1:colcon.colcon_core.package_identification:_identify(.) by extension 'ignore_ament_install'
[0.496s] Level 1:colcon.colcon_core.package_identification:_identify(.) by extensions ['colcon_pkg']
[0.496s] Level 1:colcon.colcon_core.package_identification:_identify(.) by extension 'colcon_pkg'
[0.497s] Level 1:colcon.colcon_core.package_identification:_identify(.) by extensions ['colcon_meta']
[0.497s] Level 1:colcon.colcon_core.package_identification:_identify(.) by extension 'colcon_meta'
[0.497s] Level 1:colcon.colcon_core.package_identification:_identify(.) by extensions ['ros']
[0.497s] Level 1:colcon.colcon_core.package_identification:_identify(.) by extension 'ros'
[0.521s] Level 1:colcon.colcon_core.package_identification:_identify(.) by extensions ['cmake', 'python']
[0.522s] Level 1:colcon.colcon_core.package_identification:_identify(.) by extension 'cmake'
[0.522s] Level 1:colcon.colcon_core.package_identification:_identify(.) by extension 'python'
[0.522s] Level 1:colcon.colcon_core.package_identification:_identify(.) by extensions ['python_setup_py']
[0.523s] Level 1:colcon.colcon_core.package_identification:_identify(.) by extension 'python_setup_py'
[0.523s] Level 1:colcon.colcon_core.package_identification:_identify(build) by extensions ['ignore', 'ignore_ament_install']
[0.523s] Level 1:colcon.colcon_core.package_identification:_identify(build) by extension 'ignore'
[0.523s] Level 1:colcon.colcon_core.package_identification:_identify(build) ignored
[0.524s] Level 1:colcon.colcon_core.package_identification:_identify(install) by extensions ['ignore', 'ignore_ament_install']
[0.524s] Level 1:colcon.colcon_core.package_identification:_identify(install) by extension 'ignore'
[0.524s] Level 1:colcon.colcon_core.package_identification:_identify(install) ignored
[0.524s] Level 1:colcon.colcon_core.package_identification:_identify(log) by extensions ['ignore', 'ignore_ament_install']
[0.524s] Level 1:colcon.colcon_core.package_identification:_identify(log) by extension 'ignore'
[0.525s] Level 1:colcon.colcon_core.package_identification:_identify(log) ignored
[0.525s] Level 1:colcon.colcon_core.package_identification:_identify(my_robot_controller) by extensions ['ignore', 'ignore_ament_install']
[0.525s] Level 1:colcon.colcon_core.package_identification:_identify(my_robot_controller) by extension 'ignore'
[0.525s] Level 1:colcon.colcon_core.package_identification:_identify(my_robot_controller) by extension 'ignore_ament_install'
[0.525s] Level 1:colcon.colcon_core.package_identification:_identify(my_robot_controller) by extensions ['colcon_pkg']
[0.526s] Level 1:colcon.colcon_core.package_identification:_identify(my_robot_controller) by extension 'colcon_pkg'
[0.526s] Level 1:colcon.colcon_core.package_identification:_identify(my_robot_controller) by extensions ['colcon_meta']
[0.526s] Level 1:colcon.colcon_core.package_identification:_identify(my_robot_controller) by extension 'colcon_meta'
[0.526s] Level 1:colcon.colcon_core.package_identification:_identify(my_robot_controller) by extensions ['ros']
[0.526s] Level 1:colcon.colcon_core.package_identification:_identify(my_robot_controller) by extension 'ros'
[0.534s] DEBUG:colcon.colcon_core.package_identification:Package 'my_robot_controller' with type 'ros.ament_python' and name 'my_robot_controller'
[0.535s] Level 1:colcon.colcon_core.package_identification:_identify(urdf_controller) by extensions ['ignore', 'ignore_ament_install']
[0.536s] Level 1:colcon.colcon_core.package_identification:_identify(urdf_controller) by extension 'ignore'
[0.536s] Level 1:colcon.colcon_core.package_identification:_identify(urdf_controller) by extension 'ignore_ament_install'
[0.537s] Level 1:colcon.colcon_core.package_identification:_identify(urdf_controller) by extensions ['colcon_pkg']
[0.537s] Level 1:colcon.colcon_core.package_identification:_identify(urdf_controller) by extension 'colcon_pkg'
[0.537s] Level 1:colcon.colcon_core.package_identification:_identify(urdf_controller) by extensions ['colcon_meta']
[0.537s] Level 1:colcon.colcon_core.package_identification:_identify(urdf_controller) by extension 'colcon_meta'
[0.537s] Level 1:colcon.colcon_core.package_identification:_identify(urdf_controller) by extensions ['ros']
[0.537s] Level 1:colcon.colcon_core.package_identification:_identify(urdf_controller) by extension 'ros'
[0.539s] DEBUG:colcon.colcon_core.package_identification:Package 'urdf_controller' with type 'ros.ament_python' and name 'urdf_controller'
[0.539s] Level 1:colcon.colcon_core.package_discovery:discover_packages(recursive) using defaults
[0.539s] Level 1:colcon.colcon_core.package_discovery:discover_packages(ignore) discover
[0.539s] Level 1:colcon.colcon_core.package_discovery:discover_packages(ignore) using defaults
[0.540s] Level 1:colcon.colcon_core.package_discovery:discover_packages(path) discover
[0.540s] Level 1:colcon.colcon_core.package_discovery:discover_packages(path) using defaults
[0.579s] Level 1:colcon.colcon_core.package_discovery:discover_packages(prefix_path) check parameters
[0.579s] Level 1:colcon.colcon_core.package_discovery:discover_packages(prefix_path) discover
[0.584s] DEBUG:colcon.colcon_installed_package_information.package_discovery:Found 2 installed packages in /home/jeremi/ros2_ws/src/install
[0.585s] DEBUG:colcon.colcon_installed_package_information.package_discovery:Found 2 installed packages in /home/jeremi/ros2_ws/install
[0.587s] DEBUG:colcon.colcon_installed_package_information.package_discovery:Found 274 installed packages in /opt/ros/humble
[0.589s] Level 1:colcon.colcon_core.package_discovery:discover_packages(prefix_path) using defaults
[0.660s] Level 5:colcon.colcon_core.verb:set package 'my_robot_controller' build argument 'cmake_args' from command line to 'None'
[0.660s] Level 5:colcon.colcon_core.verb:set package 'my_robot_controller' build argument 'cmake_target' from command line to 'None'
[0.660s] Level 5:colcon.colcon_core.verb:set package 'my_robot_controller' build argument 'cmake_target_skip_unavailable' from command line to 'False'
[0.660s] Level 5:colcon.colcon_core.verb:set package 'my_robot_controller' build argument 'cmake_clean_cache' from command line to 'False'
[0.661s] Level 5:colcon.colcon_core.verb:set package 'my_robot_controller' build argument 'cmake_clean_first' from command line to 'False'
[0.661s] Level 5:colcon.colcon_core.verb:set package 'my_robot_controller' build argument 'cmake_force_configure' from command line to 'False'
[0.661s] Level 5:colcon.colcon_core.verb:set package 'my_robot_controller' build argument 'ament_cmake_args' from command line to 'None'
[0.662s] Level 5:colcon.colcon_core.verb:set package 'my_robot_controller' build argument 'catkin_cmake_args' from command line to 'None'
[0.662s] Level 5:colcon.colcon_core.verb:set package 'my_robot_controller' build argument 'catkin_skip_building_tests' from command line to 'False'
[0.662s] DEBUG:colcon.colcon_core.verb:Building package 'my_robot_controller' with the following arguments: {'ament_cmake_args': None, 'build_base': '/home/jeremi/ros2_ws/src/build/my_robot_controller', 'catkin_cmake_args': None, 'catkin_skip_building_tests': False, 'cmake_args': None, 'cmake_clean_cache': False, 'cmake_clean_first': False, 'cmake_force_configure': False, 'cmake_target': None, 'cmake_target_skip_unavailable': False, 'install_base': '/home/jeremi/ros2_ws/src/install/my_robot_controller', 'merge_install': False, 'path': '/home/jeremi/ros2_ws/src/my_robot_controller', 'symlink_install': False, 'test_result_base': None}
[0.663s] Level 5:colcon.colcon_core.verb:set package 'urdf_controller' build argument 'cmake_args' from command line to 'None'
[0.663s] Level 5:colcon.colcon_core.verb:set package 'urdf_controller' build argument 'cmake_target' from command line to 'None'
[0.664s] Level 5:colcon.colcon_core.verb:set package 'urdf_controller' build argument 'cmake_target_skip_unavailable' from command line to 'False'
[0.664s] Level 5:colcon.colcon_core.verb:set package 'urdf_controller' build argument 'cmake_clean_cache' from command line to 'False'
[0.664s] Level 5:colcon.colcon_core.verb:set package 'urdf_controller' build argument 'cmake_clean_first' from command line to 'False'
[0.664s] Level 5:colcon.colcon_core.verb:set package 'urdf_controller' build argument 'cmake_force_configure' from command line to 'False'
[0.664s] Level 5:colcon.colcon_core.verb:set package 'urdf_controller' build argument 'ament_cmake_args' from command line to 'None'
[0.664s] Level 5:colcon.colcon_core.verb:set package 'urdf_controller' build argument 'catkin_cmake_args' from command line to 'None'
[0.665s] Level 5:colcon.colcon_core.verb:set package 'urdf_controller' build argument 'catkin_skip_building_tests' from command line to 'False'
[0.665s] DEBUG:colcon.colcon_core.verb:Building package 'urdf_controller' with the following arguments: {'ament_cmake_args': None, 'build_base': '/home/jeremi/ros2_ws/src/build/urdf_controller', 'catkin_cmake_args': None, 'catkin_skip_building_tests': False, 'cmake_args': None, 'cmake_clean_cache': False, 'cmake_clean_first': False, 'cmake_force_configure': False, 'cmake_target': None, 'cmake_target_skip_unavailable': False, 'install_base': '/home/jeremi/ros2_ws/src/install/urdf_controller', 'merge_install': False, 'path': '/home/jeremi/ros2_ws/src/urdf_controller', 'symlink_install': False, 'test_result_base': None}
[0.666s] INFO:colcon.colcon_core.executor:Executing jobs using 'parallel' executor
[0.669s] DEBUG:colcon.colcon_parallel_executor.executor.parallel:run_until_complete
[0.669s] INFO:colcon.colcon_ros.task.ament_python.build:Building ROS package in '/home/jeremi/ros2_ws/src/my_robot_controller' with build type 'ament_python'
[0.670s] Level 1:colcon.colcon_core.shell:create_environment_hook('my_robot_controller', 'ament_prefix_path')
[0.680s] INFO:colcon.colcon_core.plugin_system:Skipping extension 'colcon_core.shell.bat': Not used on non-Windows systems
[0.681s] INFO:colcon.colcon_core.shell:Creating environment hook '/home/jeremi/ros2_ws/src/install/my_robot_controller/share/my_robot_controller/hook/ament_prefix_path.ps1'
[0.682s] INFO:colcon.colcon_core.shell:Creating environment descriptor '/home/jeremi/ros2_ws/src/install/my_robot_controller/share/my_robot_controller/hook/ament_prefix_path.dsv'
[0.683s] INFO:colcon.colcon_core.shell:Creating environment hook '/home/jeremi/ros2_ws/src/install/my_robot_controller/share/my_robot_controller/hook/ament_prefix_path.sh'
[0.686s] INFO:colcon.colcon_core.shell:Skip shell extension 'powershell' for command environment: Not usable outside of PowerShell
[0.686s] DEBUG:colcon.colcon_core.shell:Skip shell extension 'dsv' for command environment
[1.149s] INFO:colcon.colcon_core.task.python.build:Building Python package in '/home/jeremi/ros2_ws/src/my_robot_controller'
[1.150s] INFO:colcon.colcon_core.shell:Skip shell extension 'powershell' for command environment: Not usable outside of PowerShell
[1.150s] DEBUG:colcon.colcon_core.shell:Skip shell extension 'dsv' for command environment
[1.704s] DEBUG:colcon.colcon_core.event_handler.log_command:Invoking command in '/home/jeremi/ros2_ws/src/build/my_robot_controller': PYTHONPATH=/home/jeremi/ros2_ws/src/build/my_robot_controller/prefix_override:/home/jeremi/ros2_ws/src/install/my_robot_controller/lib/python3.10/site-packages:${PYTHONPATH} /usr/bin/python3 setup.py develop --uninstall --editable --build-directory /home/jeremi/ros2_ws/src/build/my_robot_controller/build
[2.432s] DEBUG:colcon.colcon_core.event_handler.log_command:Invoked command in '/home/jeremi/ros2_ws/src/build/my_robot_controller' returned '0': PYTHONPATH=/home/jeremi/ros2_ws/src/build/my_robot_controller/prefix_override:/home/jeremi/ros2_ws/src/install/my_robot_controller/lib/python3.10/site-packages:${PYTHONPATH} /usr/bin/python3 setup.py develop --uninstall --editable --build-directory /home/jeremi/ros2_ws/src/build/my_robot_controller/build
[2.432s] DEBUG:colcon.colcon_core.event_handler.log_command:Invoking command in '/home/jeremi/ros2_ws/src/my_robot_controller': PYTHONPATH=/home/jeremi/ros2_ws/src/build/my_robot_controller/prefix_override:/home/jeremi/ros2_ws/src/install/my_robot_controller/lib/python3.10/site-packages:${PYTHONPATH} /usr/bin/python3 setup.py egg_info --egg-base ../build/my_robot_controller build --build-base /home/jeremi/ros2_ws/src/build/my_robot_controller/build install --record /home/jeremi/ros2_ws/src/build/my_robot_controller/install.log --single-version-externally-managed
[2.872s] DEBUG:colcon.colcon_core.event_handler.log_command:Invoked command in '/home/jeremi/ros2_ws/src/my_robot_controller' returned '0': PYTHONPATH=/home/jeremi/ros2_ws/src/build/my_robot_controller/prefix_override:/home/jeremi/ros2_ws/src/install/my_robot_controller/lib/python3.10/site-packages:${PYTHONPATH} /usr/bin/python3 setup.py egg_info --egg-base ../build/my_robot_controller build --build-base /home/jeremi/ros2_ws/src/build/my_robot_controller/build install --record /home/jeremi/ros2_ws/src/build/my_robot_controller/install.log --single-version-externally-managed
[2.889s] Level 1:colcon.colcon_core.environment:checking '/home/jeremi/ros2_ws/src/install/my_robot_controller' for CMake module files
[2.890s] Level 1:colcon.colcon_core.environment:checking '/home/jeremi/ros2_ws/src/install/my_robot_controller' for CMake config files
[2.891s] Level 1:colcon.colcon_core.environment:checking '/home/jeremi/ros2_ws/src/install/my_robot_controller/lib'
[2.891s] Level 1:colcon.colcon_core.environment:checking '/home/jeremi/ros2_ws/src/install/my_robot_controller/bin'
[2.892s] Level 1:colcon.colcon_core.environment:checking '/home/jeremi/ros2_ws/src/install/my_robot_controller/lib/pkgconfig/my_robot_controller.pc'
[2.892s] Level 1:colcon.colcon_core.environment:checking '/home/jeremi/ros2_ws/src/install/my_robot_controller/lib/python3.10/site-packages'
[2.892s] Level 1:colcon.colcon_core.shell:create_environment_hook('my_robot_controller', 'pythonpath')
[2.894s] INFO:colcon.colcon_core.shell:Creating environment hook '/home/jeremi/ros2_ws/src/install/my_robot_controller/share/my_robot_controller/hook/pythonpath.ps1'
[2.895s] INFO:colcon.colcon_core.shell:Creating environment descriptor '/home/jeremi/ros2_ws/src/install/my_robot_controller/share/my_robot_controller/hook/pythonpath.dsv'
[2.896s] INFO:colcon.colcon_core.shell:Creating environment hook '/home/jeremi/ros2_ws/src/install/my_robot_controller/share/my_robot_controller/hook/pythonpath.sh'
[2.898s] Level 1:colcon.colcon_core.environment:checking '/home/jeremi/ros2_ws/src/install/my_robot_controller/bin'
[2.898s] Level 1:colcon.colcon_core.environment:create_environment_scripts_only(my_robot_controller)
[2.900s] INFO:colcon.colcon_core.shell:Creating package script '/home/jeremi/ros2_ws/src/install/my_robot_controller/share/my_robot_controller/package.ps1'
[2.902s] INFO:colcon.colcon_core.shell:Creating package descriptor '/home/jeremi/ros2_ws/src/install/my_robot_controller/share/my_robot_controller/package.dsv'
[2.903s] INFO:colcon.colcon_core.shell:Creating package script '/home/jeremi/ros2_ws/src/install/my_robot_controller/share/my_robot_controller/package.sh'
[2.904s] INFO:colcon.colcon_core.shell:Creating package script '/home/jeremi/ros2_ws/src/install/my_robot_controller/share/my_robot_controller/package.bash'
[2.906s] INFO:colcon.colcon_core.shell:Creating package script '/home/jeremi/ros2_ws/src/install/my_robot_controller/share/my_robot_controller/package.zsh'
[2.907s] Level 1:colcon.colcon_core.environment:create_file_with_runtime_dependencies(/home/jeremi/ros2_ws/src/install/my_robot_controller/share/colcon-core/packages/my_robot_controller)
[2.909s] INFO:colcon.colcon_ros.task.ament_python.build:Building ROS package in '/home/jeremi/ros2_ws/src/urdf_controller' with build type 'ament_python'
[2.910s] Level 1:colcon.colcon_core.shell:create_environment_hook('urdf_controller', 'ament_prefix_path')
[2.912s] INFO:colcon.colcon_core.shell:Creating environment hook '/home/jeremi/ros2_ws/src/install/urdf_controller/share/urdf_controller/hook/ament_prefix_path.ps1'
[2.914s] INFO:colcon.colcon_core.shell:Creating environment descriptor '/home/jeremi/ros2_ws/src/install/urdf_controller/share/urdf_controller/hook/ament_prefix_path.dsv'
[2.916s] INFO:colcon.colcon_core.shell:Creating environment hook '/home/jeremi/ros2_ws/src/install/urdf_controller/share/urdf_controller/hook/ament_prefix_path.sh'
[2.918s] INFO:colcon.colcon_core.shell:Skip shell extension 'powershell' for command environment: Not usable outside of PowerShell
[2.918s] DEBUG:colcon.colcon_core.shell:Skip shell extension 'dsv' for command environment
[3.359s] INFO:colcon.colcon_core.task.python.build:Building Python package in '/home/jeremi/ros2_ws/src/urdf_controller'
[3.362s] INFO:colcon.colcon_core.shell:Skip shell extension 'powershell' for command environment: Not usable outside of PowerShell
[3.363s] DEBUG:colcon.colcon_core.shell:Skip shell extension 'dsv' for command environment
[3.829s] DEBUG:colcon.colcon_core.event_handler.log_command:Invoking command in '/home/jeremi/ros2_ws/src/build/urdf_controller': PYTHONPATH=/home/jeremi/ros2_ws/src/build/urdf_controller/prefix_override:/home/jeremi/ros2_ws/src/install/urdf_controller/lib/python3.10/site-packages:${PYTHONPATH} /usr/bin/python3 setup.py develop --uninstall --editable --build-directory /home/jeremi/ros2_ws/src/build/urdf_controller/build
[4.469s] DEBUG:colcon.colcon_core.event_handler.log_command:Invoked command in '/home/jeremi/ros2_ws/src/build/urdf_controller' returned '0': PYTHONPATH=/home/jeremi/ros2_ws/src/build/urdf_controller/prefix_override:/home/jeremi/ros2_ws/src/install/urdf_controller/lib/python3.10/site-packages:${PYTHONPATH} /usr/bin/python3 setup.py develop --uninstall --editable --build-directory /home/jeremi/ros2_ws/src/build/urdf_controller/build
[4.470s] DEBUG:colcon.colcon_core.event_handler.log_command:Invoking command in '/home/jeremi/ros2_ws/src/urdf_controller': PYTHONPATH=/home/jeremi/ros2_ws/src/build/urdf_controller/prefix_override:/home/jeremi/ros2_ws/src/install/urdf_controller/lib/python3.10/site-packages:${PYTHONPATH} /usr/bin/python3 setup.py egg_info --egg-base ../build/urdf_controller build --build-base /home/jeremi/ros2_ws/src/build/urdf_controller/build install --record /home/jeremi/ros2_ws/src/build/urdf_controller/install.log --single-version-externally-managed
[4.899s] Level 1:colcon.colcon_core.environment:checking '/home/jeremi/ros2_ws/src/install/urdf_controller' for CMake module files
[4.900s] DEBUG:colcon.colcon_core.event_handler.log_command:Invoked command in '/home/jeremi/ros2_ws/src/urdf_controller' returned '0': PYTHONPATH=/home/jeremi/ros2_ws/src/build/urdf_controller/prefix_override:/home/jeremi/ros2_ws/src/install/urdf_controller/lib/python3.10/site-packages:${PYTHONPATH} /usr/bin/python3 setup.py egg_info --egg-base ../build/urdf_controller build --build-base /home/jeremi/ros2_ws/src/build/urdf_controller/build install --record /home/jeremi/ros2_ws/src/build/urdf_controller/install.log --single-version-externally-managed
[4.900s] Level 1:colcon.colcon_core.environment:checking '/home/jeremi/ros2_ws/src/install/urdf_controller' for CMake config files
[4.901s] Level 1:colcon.colcon_core.environment:checking '/home/jeremi/ros2_ws/src/install/urdf_controller/lib'
[4.901s] Level 1:colcon.colcon_core.environment:checking '/home/jeremi/ros2_ws/src/install/urdf_controller/bin'
[4.901s] Level 1:colcon.colcon_core.environment:checking '/home/jeremi/ros2_ws/src/install/urdf_controller/lib/pkgconfig/urdf_controller.pc'
[4.902s] Level 1:colcon.colcon_core.environment:checking '/home/jeremi/ros2_ws/src/install/urdf_controller/lib/python3.10/site-packages'
[4.902s] Level 1:colcon.colcon_core.shell:create_environment_hook('urdf_controller', 'pythonpath')
[4.904s] INFO:colcon.colcon_core.shell:Creating environment hook '/home/jeremi/ros2_ws/src/install/urdf_controller/share/urdf_controller/hook/pythonpath.ps1'
[4.906s] INFO:colcon.colcon_core.shell:Creating environment descriptor '/home/jeremi/ros2_ws/src/install/urdf_controller/share/urdf_controller/hook/pythonpath.dsv'
[4.907s] INFO:colcon.colcon_core.shell:Creating environment hook '/home/jeremi/ros2_ws/src/install/urdf_controller/share/urdf_controller/hook/pythonpath.sh'
[4.908s] Level 1:colcon.colcon_core.environment:checking '/home/jeremi/ros2_ws/src/install/urdf_controller/bin'
[4.908s] Level 1:colcon.colcon_core.environment:create_environment_scripts_only(urdf_controller)
[4.910s] INFO:colcon.colcon_core.shell:Creating package script '/home/jeremi/ros2_ws/src/install/urdf_controller/share/urdf_controller/package.ps1'
[4.914s] INFO:colcon.colcon_core.shell:Creating package descriptor '/home/jeremi/ros2_ws/src/install/urdf_controller/share/urdf_controller/package.dsv'
[4.917s] INFO:colcon.colcon_core.shell:Creating package script '/home/jeremi/ros2_ws/src/install/urdf_controller/share/urdf_controller/package.sh'
[4.918s] INFO:colcon.colcon_core.shell:Creating package script '/home/jeremi/ros2_ws/src/install/urdf_controller/share/urdf_controller/package.bash'
[4.919s] INFO:colcon.colcon_core.shell:Creating package script '/home/jeremi/ros2_ws/src/install/urdf_controller/share/urdf_controller/package.zsh'
[4.920s] Level 1:colcon.colcon_core.environment:create_file_with_runtime_dependencies(/home/jeremi/ros2_ws/src/install/urdf_controller/share/colcon-core/packages/urdf_controller)
[4.921s] DEBUG:colcon.colcon_parallel_executor.executor.parallel:closing loop
[4.922s] DEBUG:colcon.colcon_parallel_executor.executor.parallel:loop closed
[4.922s] DEBUG:colcon.colcon_parallel_executor.executor.parallel:run_until_complete finished with '0'
[4.922s] DEBUG:colcon.colcon_core.event_reactor:joining thread
[4.955s] INFO:colcon.colcon_core.plugin_system:Skipping extension 'colcon_notification.desktop_notification.terminal_notifier': Not used on non-Darwin systems
[4.955s] INFO:colcon.colcon_core.plugin_system:Skipping extension 'colcon_notification.desktop_notification.win32': Not used on non-Windows systems
[4.956s] INFO:colcon.colcon_notification.desktop_notification:Sending desktop notification using 'notify2'
[4.977s] DEBUG:colcon.colcon_core.event_reactor:joined thread
[4.979s] INFO:colcon.colcon_core.shell:Creating prefix script '/home/jeremi/ros2_ws/src/install/local_setup.ps1'
[4.981s] INFO:colcon.colcon_core.shell:Creating prefix util module '/home/jeremi/ros2_ws/src/install/_local_setup_util_ps1.py'
[4.987s] INFO:colcon.colcon_core.shell:Creating prefix chain script '/home/jeremi/ros2_ws/src/install/setup.ps1'
[4.998s] INFO:colcon.colcon_core.shell:Creating prefix script '/home/jeremi/ros2_ws/src/install/local_setup.sh'
[4.999s] INFO:colcon.colcon_core.shell:Creating prefix util module '/home/jeremi/ros2_ws/src/install/_local_setup_util_sh.py'
[5.000s] INFO:colcon.colcon_core.shell:Creating prefix chain script '/home/jeremi/ros2_ws/src/install/setup.sh'
[5.002s] INFO:colcon.colcon_core.shell:Creating prefix script '/home/jeremi/ros2_ws/src/install/local_setup.bash'
[5.006s] INFO:colcon.colcon_core.shell:Creating prefix chain script '/home/jeremi/ros2_ws/src/install/setup.bash'
[5.010s] INFO:colcon.colcon_core.shell:Creating prefix script '/home/jeremi/ros2_ws/src/install/local_setup.zsh'
[5.016s] INFO:colcon.colcon_core.shell:Creating prefix chain script '/home/jeremi/ros2_ws/src/install/setup.zsh'
