[0.380s] DEBUG:colcon:Command line arguments: ['/usr/bin/colcon', 'build']
[0.380s] DEBUG:colcon:Parsed command line arguments: Namespace(log_base=None, log_level=None, verb_name='build', build_base='build', install_base='install', merge_install=False, symlink_install=False, test_result_base=None, continue_on_error=False, executor='parallel', parallel_workers=1, event_handlers=None, ignore_user_meta=False, metas=['./colcon.meta'], base_paths=['.'], packages_ignore=None, packages_ignore_regex=None, paths=None, packages_up_to=None, packages_up_to_regex=None, packages_above=None, packages_above_and_dependencies=None, packages_above_depth=None, packages_select_by_dep=None, packages_skip_by_dep=None, packages_skip_up_to=None, packages_select_build_failed=False, packages_skip_build_finished=False, packages_select_test_failures=False, packages_skip_test_passed=False, packages_select=None, packages_skip=None, packages_select_regex=None, packages_skip_regex=None, packages_start=None, packages_end=None, allow_overriding=[], cmake_args=None, cmake_target=None, cmake_target_skip_unavailable=False, cmake_clean_cache=False, cmake_clean_first=False, cmake_force_configure=False, ament_cmake_args=None, catkin_cmake_args=None, catkin_skip_building_tests=False, verb_parser=<colcon_defaults.argument_parser.defaults.DefaultArgumentsDecorator object at 0x7ff0ffe5a110>, verb_extension=<colcon_core.verb.build.BuildVerb object at 0x7ff0ffe59ba0>, main=<bound method BuildVerb.main of <colcon_core.verb.build.BuildVerb object at 0x7ff0ffe59ba0>>)
[0.404s] Level 1:colcon.colcon_core.package_discovery:discover_packages(colcon_meta) check parameters
[0.405s] Level 1:colcon.colcon_core.package_discovery:discover_packages(recursive) check parameters
[0.405s] Level 1:colcon.colcon_core.package_discovery:discover_packages(ignore) check parameters
[0.405s] Level 1:colcon.colcon_core.package_discovery:discover_packages(path) check parameters
[0.405s] Level 1:colcon.colcon_core.package_discovery:discover_packages(colcon_meta) discover
[0.405s] Level 1:colcon.colcon_core.package_discovery:discover_packages(recursive) discover
[0.405s] INFO:colcon.colcon_core.package_discovery:Crawling recursively for packages in '/home/jeremi/ros2_ws/src'
[0.406s] Level 1:colcon.colcon_core.package_identification:_identify(.) by extensions ['ignore', 'ignore_ament_install']
[0.406s] Level 1:colcon.colcon_core.package_identification:_identify(.) by extension 'ignore'
[0.406s] Level 1:colcon.colcon_core.package_identification:_identify(.) by extension 'ignore_ament_install'
[0.406s] Level 1:colcon.colcon_core.package_identification:_identify(.) by extensions ['colcon_pkg']
[0.406s] Level 1:colcon.colcon_core.package_identification:_identify(.) by extension 'colcon_pkg'
[0.407s] Level 1:colcon.colcon_core.package_identification:_identify(.) by extensions ['colcon_meta']
[0.407s] Level 1:colcon.colcon_core.package_identification:_identify(.) by extension 'colcon_meta'
[0.407s] Level 1:colcon.colcon_core.package_identification:_identify(.) by extensions ['ros']
[0.407s] Level 1:colcon.colcon_core.package_identification:_identify(.) by extension 'ros'
[0.418s] Level 1:colcon.colcon_core.package_identification:_identify(.) by extensions ['cmake', 'python']
[0.418s] Level 1:colcon.colcon_core.package_identification:_identify(.) by extension 'cmake'
[0.418s] Level 1:colcon.colcon_core.package_identification:_identify(.) by extension 'python'
[0.418s] Level 1:colcon.colcon_core.package_identification:_identify(.) by extensions ['python_setup_py']
[0.418s] Level 1:colcon.colcon_core.package_identification:_identify(.) by extension 'python_setup_py'
[0.418s] Level 1:colcon.colcon_core.package_identification:_identify(build) by extensions ['ignore', 'ignore_ament_install']
[0.419s] Level 1:colcon.colcon_core.package_identification:_identify(build) by extension 'ignore'
[0.419s] Level 1:colcon.colcon_core.package_identification:_identify(build) ignored
[0.419s] Level 1:colcon.colcon_core.package_identification:_identify(install) by extensions ['ignore', 'ignore_ament_install']
[0.419s] Level 1:colcon.colcon_core.package_identification:_identify(install) by extension 'ignore'
[0.419s] Level 1:colcon.colcon_core.package_identification:_identify(install) ignored
[0.420s] Level 1:colcon.colcon_core.package_identification:_identify(log) by extensions ['ignore', 'ignore_ament_install']
[0.420s] Level 1:colcon.colcon_core.package_identification:_identify(log) by extension 'ignore'
[0.420s] Level 1:colcon.colcon_core.package_identification:_identify(log) ignored
[0.420s] Level 1:colcon.colcon_core.package_identification:_identify(my_robot_controller) by extensions ['ignore', 'ignore_ament_install']
[0.420s] Level 1:colcon.colcon_core.package_identification:_identify(my_robot_controller) by extension 'ignore'
[0.421s] Level 1:colcon.colcon_core.package_identification:_identify(my_robot_controller) by extension 'ignore_ament_install'
[0.421s] Level 1:colcon.colcon_core.package_identification:_identify(my_robot_controller) by extensions ['colcon_pkg']
[0.421s] Level 1:colcon.colcon_core.package_identification:_identify(my_robot_controller) by extension 'colcon_pkg'
[0.421s] Level 1:colcon.colcon_core.package_identification:_identify(my_robot_controller) by extensions ['colcon_meta']
[0.421s] Level 1:colcon.colcon_core.package_identification:_identify(my_robot_controller) by extension 'colcon_meta'
[0.421s] Level 1:colcon.colcon_core.package_identification:_identify(my_robot_controller) by extensions ['ros']
[0.421s] Level 1:colcon.colcon_core.package_identification:_identify(my_robot_controller) by extension 'ros'
[0.424s] DEBUG:colcon.colcon_core.package_identification:Package 'my_robot_controller' with type 'ros.ament_python' and name 'my_robot_controller'
[0.425s] Level 1:colcon.colcon_core.package_identification:_identify(urdf_controller) by extensions ['ignore', 'ignore_ament_install']
[0.425s] Level 1:colcon.colcon_core.package_identification:_identify(urdf_controller) by extension 'ignore'
[0.425s] Level 1:colcon.colcon_core.package_identification:_identify(urdf_controller) by extension 'ignore_ament_install'
[0.425s] Level 1:colcon.colcon_core.package_identification:_identify(urdf_controller) by extensions ['colcon_pkg']
[0.425s] Level 1:colcon.colcon_core.package_identification:_identify(urdf_controller) by extension 'colcon_pkg'
[0.426s] Level 1:colcon.colcon_core.package_identification:_identify(urdf_controller) by extensions ['colcon_meta']
[0.426s] Level 1:colcon.colcon_core.package_identification:_identify(urdf_controller) by extension 'colcon_meta'
[0.426s] Level 1:colcon.colcon_core.package_identification:_identify(urdf_controller) by extensions ['ros']
[0.426s] Level 1:colcon.colcon_core.package_identification:_identify(urdf_controller) by extension 'ros'
[0.427s] DEBUG:colcon.colcon_core.package_identification:Package 'urdf_controller' with type 'ros.ament_python' and name 'urdf_controller'
[0.427s] Level 1:colcon.colcon_core.package_discovery:discover_packages(recursive) using defaults
[0.427s] Level 1:colcon.colcon_core.package_discovery:discover_packages(ignore) discover
[0.427s] Level 1:colcon.colcon_core.package_discovery:discover_packages(ignore) using defaults
[0.427s] Level 1:colcon.colcon_core.package_discovery:discover_packages(path) discover
[0.428s] Level 1:colcon.colcon_core.package_discovery:discover_packages(path) using defaults
[0.454s] Level 1:colcon.colcon_core.package_discovery:discover_packages(prefix_path) check parameters
[0.454s] Level 1:colcon.colcon_core.package_discovery:discover_packages(prefix_path) discover
[0.460s] DEBUG:colcon.colcon_installed_package_information.package_discovery:Found 2 installed packages in /home/jeremi/ros2_ws/src/install
[0.462s] DEBUG:colcon.colcon_installed_package_information.package_discovery:Found 2 installed packages in /home/jeremi/ros2_ws/install
[0.464s] DEBUG:colcon.colcon_installed_package_information.package_discovery:Found 274 installed packages in /opt/ros/humble
[0.465s] Level 1:colcon.colcon_core.package_discovery:discover_packages(prefix_path) using defaults
[0.536s] Level 5:colcon.colcon_core.verb:set package 'my_robot_controller' build argument 'cmake_args' from command line to 'None'
[0.536s] Level 5:colcon.colcon_core.verb:set package 'my_robot_controller' build argument 'cmake_target' from command line to 'None'
[0.536s] Level 5:colcon.colcon_core.verb:set package 'my_robot_controller' build argument 'cmake_target_skip_unavailable' from command line to 'False'
[0.536s] Level 5:colcon.colcon_core.verb:set package 'my_robot_controller' build argument 'cmake_clean_cache' from command line to 'False'
[0.537s] Level 5:colcon.colcon_core.verb:set package 'my_robot_controller' build argument 'cmake_clean_first' from command line to 'False'
[0.537s] Level 5:colcon.colcon_core.verb:set package 'my_robot_controller' build argument 'cmake_force_configure' from command line to 'False'
[0.537s] Level 5:colcon.colcon_core.verb:set package 'my_robot_controller' build argument 'ament_cmake_args' from command line to 'None'
[0.537s] Level 5:colcon.colcon_core.verb:set package 'my_robot_controller' build argument 'catkin_cmake_args' from command line to 'None'
[0.537s] Level 5:colcon.colcon_core.verb:set package 'my_robot_controller' build argument 'catkin_skip_building_tests' from command line to 'False'
[0.537s] DEBUG:colcon.colcon_core.verb:Building package 'my_robot_controller' with the following arguments: {'ament_cmake_args': None, 'build_base': '/home/jeremi/ros2_ws/src/build/my_robot_controller', 'catkin_cmake_args': None, 'catkin_skip_building_tests': False, 'cmake_args': None, 'cmake_clean_cache': False, 'cmake_clean_first': False, 'cmake_force_configure': False, 'cmake_target': None, 'cmake_target_skip_unavailable': False, 'install_base': '/home/jeremi/ros2_ws/src/install/my_robot_controller', 'merge_install': False, 'path': '/home/jeremi/ros2_ws/src/my_robot_controller', 'symlink_install': False, 'test_result_base': None}
[0.538s] Level 5:colcon.colcon_core.verb:set package 'urdf_controller' build argument 'cmake_args' from command line to 'None'
[0.539s] Level 5:colcon.colcon_core.verb:set package 'urdf_controller' build argument 'cmake_target' from command line to 'None'
[0.539s] Level 5:colcon.colcon_core.verb:set package 'urdf_controller' build argument 'cmake_target_skip_unavailable' from command line to 'False'
[0.539s] Level 5:colcon.colcon_core.verb:set package 'urdf_controller' build argument 'cmake_clean_cache' from command line to 'False'
[0.539s] Level 5:colcon.colcon_core.verb:set package 'urdf_controller' build argument 'cmake_clean_first' from command line to 'False'
[0.539s] Level 5:colcon.colcon_core.verb:set package 'urdf_controller' build argument 'cmake_force_configure' from command line to 'False'
[0.539s] Level 5:colcon.colcon_core.verb:set package 'urdf_controller' build argument 'ament_cmake_args' from command line to 'None'
[0.539s] Level 5:colcon.colcon_core.verb:set package 'urdf_controller' build argument 'catkin_cmake_args' from command line to 'None'
[0.540s] Level 5:colcon.colcon_core.verb:set package 'urdf_controller' build argument 'catkin_skip_building_tests' from command line to 'False'
[0.540s] DEBUG:colcon.colcon_core.verb:Building package 'urdf_controller' with the following arguments: {'ament_cmake_args': None, 'build_base': '/home/jeremi/ros2_ws/src/build/urdf_controller', 'catkin_cmake_args': None, 'catkin_skip_building_tests': False, 'cmake_args': None, 'cmake_clean_cache': False, 'cmake_clean_first': False, 'cmake_force_configure': False, 'cmake_target': None, 'cmake_target_skip_unavailable': False, 'install_base': '/home/jeremi/ros2_ws/src/install/urdf_controller', 'merge_install': False, 'path': '/home/jeremi/ros2_ws/src/urdf_controller', 'symlink_install': False, 'test_result_base': None}
[0.541s] INFO:colcon.colcon_core.executor:Executing jobs using 'parallel' executor
[0.545s] DEBUG:colcon.colcon_parallel_executor.executor.parallel:run_until_complete
[0.546s] INFO:colcon.colcon_ros.task.ament_python.build:Building ROS package in '/home/jeremi/ros2_ws/src/my_robot_controller' with build type 'ament_python'
[0.546s] Level 1:colcon.colcon_core.shell:create_environment_hook('my_robot_controller', 'ament_prefix_path')
[0.556s] INFO:colcon.colcon_core.plugin_system:Skipping extension 'colcon_core.shell.bat': Not used on non-Windows systems
[0.557s] INFO:colcon.colcon_core.shell:Creating environment hook '/home/jeremi/ros2_ws/src/install/my_robot_controller/share/my_robot_controller/hook/ament_prefix_path.ps1'
[0.558s] INFO:colcon.colcon_core.shell:Creating environment descriptor '/home/jeremi/ros2_ws/src/install/my_robot_controller/share/my_robot_controller/hook/ament_prefix_path.dsv'
[0.559s] INFO:colcon.colcon_core.shell:Creating environment hook '/home/jeremi/ros2_ws/src/install/my_robot_controller/share/my_robot_controller/hook/ament_prefix_path.sh'
[0.562s] INFO:colcon.colcon_core.shell:Skip shell extension 'powershell' for command environment: Not usable outside of PowerShell
[0.562s] DEBUG:colcon.colcon_core.shell:Skip shell extension 'dsv' for command environment
[0.896s] INFO:colcon.colcon_core.task.python.build:Building Python package in '/home/jeremi/ros2_ws/src/my_robot_controller'
[0.897s] INFO:colcon.colcon_core.shell:Skip shell extension 'powershell' for command environment: Not usable outside of PowerShell
[0.897s] DEBUG:colcon.colcon_core.shell:Skip shell extension 'dsv' for command environment
[1.389s] DEBUG:colcon.colcon_core.event_handler.log_command:Invoking command in '/home/jeremi/ros2_ws/src/build/my_robot_controller': PYTHONPATH=/home/jeremi/ros2_ws/src/build/my_robot_controller/prefix_override:/home/jeremi/ros2_ws/src/install/my_robot_controller/lib/python3.10/site-packages:${PYTHONPATH} /usr/bin/python3 setup.py develop --uninstall --editable --build-directory /home/jeremi/ros2_ws/src/build/my_robot_controller/build
[1.940s] DEBUG:colcon.colcon_core.event_handler.log_command:Invoked command in '/home/jeremi/ros2_ws/src/build/my_robot_controller' returned '0': PYTHONPATH=/home/jeremi/ros2_ws/src/build/my_robot_controller/prefix_override:/home/jeremi/ros2_ws/src/install/my_robot_controller/lib/python3.10/site-packages:${PYTHONPATH} /usr/bin/python3 setup.py develop --uninstall --editable --build-directory /home/jeremi/ros2_ws/src/build/my_robot_controller/build
[1.941s] DEBUG:colcon.colcon_core.event_handler.log_command:Invoking command in '/home/jeremi/ros2_ws/src/my_robot_controller': PYTHONPATH=/home/jeremi/ros2_ws/src/build/my_robot_controller/prefix_override:/home/jeremi/ros2_ws/src/install/my_robot_controller/lib/python3.10/site-packages:${PYTHONPATH} /usr/bin/python3 setup.py egg_info --egg-base ../build/my_robot_controller build --build-base /home/jeremi/ros2_ws/src/build/my_robot_controller/build install --record /home/jeremi/ros2_ws/src/build/my_robot_controller/install.log --single-version-externally-managed
[2.322s] DEBUG:colcon.colcon_core.event_handler.log_command:Invoked command in '/home/jeremi/ros2_ws/src/my_robot_controller' returned '0': PYTHONPATH=/home/jeremi/ros2_ws/src/build/my_robot_controller/prefix_override:/home/jeremi/ros2_ws/src/install/my_robot_controller/lib/python3.10/site-packages:${PYTHONPATH} /usr/bin/python3 setup.py egg_info --egg-base ../build/my_robot_controller build --build-base /home/jeremi/ros2_ws/src/build/my_robot_controller/build install --record /home/jeremi/ros2_ws/src/build/my_robot_controller/install.log --single-version-externally-managed
[2.332s] Level 1:colcon.colcon_core.environment:checking '/home/jeremi/ros2_ws/src/install/my_robot_controller' for CMake module files
[2.333s] Level 1:colcon.colcon_core.environment:checking '/home/jeremi/ros2_ws/src/install/my_robot_controller' for CMake config files
[2.334s] Level 1:colcon.colcon_core.environment:checking '/home/jeremi/ros2_ws/src/install/my_robot_controller/lib'
[2.334s] Level 1:colcon.colcon_core.environment:checking '/home/jeremi/ros2_ws/src/install/my_robot_controller/bin'
[2.334s] Level 1:colcon.colcon_core.environment:checking '/home/jeremi/ros2_ws/src/install/my_robot_controller/lib/pkgconfig/my_robot_controller.pc'
[2.335s] Level 1:colcon.colcon_core.environment:checking '/home/jeremi/ros2_ws/src/install/my_robot_controller/lib/python3.10/site-packages'
[2.335s] Level 1:colcon.colcon_core.shell:create_environment_hook('my_robot_controller', 'pythonpath')
[2.336s] INFO:colcon.colcon_core.shell:Creating environment hook '/home/jeremi/ros2_ws/src/install/my_robot_controller/share/my_robot_controller/hook/pythonpath.ps1'
[2.337s] INFO:colcon.colcon_core.shell:Creating environment descriptor '/home/jeremi/ros2_ws/src/install/my_robot_controller/share/my_robot_controller/hook/pythonpath.dsv'
[2.338s] INFO:colcon.colcon_core.shell:Creating environment hook '/home/jeremi/ros2_ws/src/install/my_robot_controller/share/my_robot_controller/hook/pythonpath.sh'
[2.340s] Level 1:colcon.colcon_core.environment:checking '/home/jeremi/ros2_ws/src/install/my_robot_controller/bin'
[2.340s] Level 1:colcon.colcon_core.environment:create_environment_scripts_only(my_robot_controller)
[2.341s] INFO:colcon.colcon_core.shell:Creating package script '/home/jeremi/ros2_ws/src/install/my_robot_controller/share/my_robot_controller/package.ps1'
[2.343s] INFO:colcon.colcon_core.shell:Creating package descriptor '/home/jeremi/ros2_ws/src/install/my_robot_controller/share/my_robot_controller/package.dsv'
[2.344s] INFO:colcon.colcon_core.shell:Creating package script '/home/jeremi/ros2_ws/src/install/my_robot_controller/share/my_robot_controller/package.sh'
[2.349s] INFO:colcon.colcon_core.shell:Creating package script '/home/jeremi/ros2_ws/src/install/my_robot_controller/share/my_robot_controller/package.bash'
[2.351s] INFO:colcon.colcon_core.shell:Creating package script '/home/jeremi/ros2_ws/src/install/my_robot_controller/share/my_robot_controller/package.zsh'
[2.352s] Level 1:colcon.colcon_core.environment:create_file_with_runtime_dependencies(/home/jeremi/ros2_ws/src/install/my_robot_controller/share/colcon-core/packages/my_robot_controller)
[2.354s] INFO:colcon.colcon_ros.task.ament_python.build:Building ROS package in '/home/jeremi/ros2_ws/src/urdf_controller' with build type 'ament_python'
[2.355s] Level 1:colcon.colcon_core.shell:create_environment_hook('urdf_controller', 'ament_prefix_path')
[2.356s] INFO:colcon.colcon_core.shell:Creating environment hook '/home/jeremi/ros2_ws/src/install/urdf_controller/share/urdf_controller/hook/ament_prefix_path.ps1'
[2.358s] INFO:colcon.colcon_core.shell:Creating environment descriptor '/home/jeremi/ros2_ws/src/install/urdf_controller/share/urdf_controller/hook/ament_prefix_path.dsv'
[2.358s] INFO:colcon.colcon_core.shell:Creating environment hook '/home/jeremi/ros2_ws/src/install/urdf_controller/share/urdf_controller/hook/ament_prefix_path.sh'
[2.361s] INFO:colcon.colcon_core.shell:Skip shell extension 'powershell' for command environment: Not usable outside of PowerShell
[2.361s] DEBUG:colcon.colcon_core.shell:Skip shell extension 'dsv' for command environment
[2.872s] INFO:colcon.colcon_core.task.python.build:Building Python package in '/home/jeremi/ros2_ws/src/urdf_controller'
[2.873s] INFO:colcon.colcon_core.shell:Skip shell extension 'powershell' for command environment: Not usable outside of PowerShell
[2.873s] DEBUG:colcon.colcon_core.shell:Skip shell extension 'dsv' for command environment
[3.272s] DEBUG:colcon.colcon_core.event_handler.log_command:Invoking command in '/home/jeremi/ros2_ws/src/build/urdf_controller': PYTHONPATH=/home/jeremi/ros2_ws/src/build/urdf_controller/prefix_override:/home/jeremi/ros2_ws/src/install/urdf_controller/lib/python3.10/site-packages:${PYTHONPATH} /usr/bin/python3 setup.py develop --uninstall --editable --build-directory /home/jeremi/ros2_ws/src/build/urdf_controller/build
[3.837s] DEBUG:colcon.colcon_core.event_handler.log_command:Invoked command in '/home/jeremi/ros2_ws/src/build/urdf_controller' returned '0': PYTHONPATH=/home/jeremi/ros2_ws/src/build/urdf_controller/prefix_override:/home/jeremi/ros2_ws/src/install/urdf_controller/lib/python3.10/site-packages:${PYTHONPATH} /usr/bin/python3 setup.py develop --uninstall --editable --build-directory /home/jeremi/ros2_ws/src/build/urdf_controller/build
[3.838s] DEBUG:colcon.colcon_core.event_handler.log_command:Invoking command in '/home/jeremi/ros2_ws/src/urdf_controller': PYTHONPATH=/home/jeremi/ros2_ws/src/build/urdf_controller/prefix_override:/home/jeremi/ros2_ws/src/install/urdf_controller/lib/python3.10/site-packages:${PYTHONPATH} /usr/bin/python3 setup.py egg_info --egg-base ../build/urdf_controller build --build-base /home/jeremi/ros2_ws/src/build/urdf_controller/build install --record /home/jeremi/ros2_ws/src/build/urdf_controller/install.log --single-version-externally-managed
[4.247s] Level 1:colcon.colcon_core.environment:checking '/home/jeremi/ros2_ws/src/install/urdf_controller' for CMake module files
[4.248s] DEBUG:colcon.colcon_core.event_handler.log_command:Invoked command in '/home/jeremi/ros2_ws/src/urdf_controller' returned '0': PYTHONPATH=/home/jeremi/ros2_ws/src/build/urdf_controller/prefix_override:/home/jeremi/ros2_ws/src/install/urdf_controller/lib/python3.10/site-packages:${PYTHONPATH} /usr/bin/python3 setup.py egg_info --egg-base ../build/urdf_controller build --build-base /home/jeremi/ros2_ws/src/build/urdf_controller/build install --record /home/jeremi/ros2_ws/src/build/urdf_controller/install.log --single-version-externally-managed
[4.249s] Level 1:colcon.colcon_core.environment:checking '/home/jeremi/ros2_ws/src/install/urdf_controller' for CMake config files
[4.250s] Level 1:colcon.colcon_core.environment:checking '/home/jeremi/ros2_ws/src/install/urdf_controller/lib'
[4.250s] Level 1:colcon.colcon_core.environment:checking '/home/jeremi/ros2_ws/src/install/urdf_controller/bin'
[4.250s] Level 1:colcon.colcon_core.environment:checking '/home/jeremi/ros2_ws/src/install/urdf_controller/lib/pkgconfig/urdf_controller.pc'
[4.251s] Level 1:colcon.colcon_core.environment:checking '/home/jeremi/ros2_ws/src/install/urdf_controller/lib/python3.10/site-packages'
[4.251s] Level 1:colcon.colcon_core.shell:create_environment_hook('urdf_controller', 'pythonpath')
[4.252s] INFO:colcon.colcon_core.shell:Creating environment hook '/home/jeremi/ros2_ws/src/install/urdf_controller/share/urdf_controller/hook/pythonpath.ps1'
[4.254s] INFO:colcon.colcon_core.shell:Creating environment descriptor '/home/jeremi/ros2_ws/src/install/urdf_controller/share/urdf_controller/hook/pythonpath.dsv'
[4.255s] INFO:colcon.colcon_core.shell:Creating environment hook '/home/jeremi/ros2_ws/src/install/urdf_controller/share/urdf_controller/hook/pythonpath.sh'
[4.256s] Level 1:colcon.colcon_core.environment:checking '/home/jeremi/ros2_ws/src/install/urdf_controller/bin'
[4.257s] Level 1:colcon.colcon_core.environment:create_environment_scripts_only(urdf_controller)
[4.258s] INFO:colcon.colcon_core.shell:Creating package script '/home/jeremi/ros2_ws/src/install/urdf_controller/share/urdf_controller/package.ps1'
[4.259s] INFO:colcon.colcon_core.shell:Creating package descriptor '/home/jeremi/ros2_ws/src/install/urdf_controller/share/urdf_controller/package.dsv'
[4.260s] INFO:colcon.colcon_core.shell:Creating package script '/home/jeremi/ros2_ws/src/install/urdf_controller/share/urdf_controller/package.sh'
[4.261s] INFO:colcon.colcon_core.shell:Creating package script '/home/jeremi/ros2_ws/src/install/urdf_controller/share/urdf_controller/package.bash'
[4.262s] INFO:colcon.colcon_core.shell:Creating package script '/home/jeremi/ros2_ws/src/install/urdf_controller/share/urdf_controller/package.zsh'
[4.263s] Level 1:colcon.colcon_core.environment:create_file_with_runtime_dependencies(/home/jeremi/ros2_ws/src/install/urdf_controller/share/colcon-core/packages/urdf_controller)
[4.265s] DEBUG:colcon.colcon_parallel_executor.executor.parallel:closing loop
[4.265s] DEBUG:colcon.colcon_parallel_executor.executor.parallel:loop closed
[4.265s] DEBUG:colcon.colcon_parallel_executor.executor.parallel:run_until_complete finished with '0'
[4.266s] DEBUG:colcon.colcon_core.event_reactor:joining thread
[4.273s] INFO:colcon.colcon_core.plugin_system:Skipping extension 'colcon_notification.desktop_notification.terminal_notifier': Not used on non-Darwin systems
[4.273s] INFO:colcon.colcon_core.plugin_system:Skipping extension 'colcon_notification.desktop_notification.win32': Not used on non-Windows systems
[4.273s] INFO:colcon.colcon_notification.desktop_notification:Sending desktop notification using 'notify2'
[4.284s] DEBUG:colcon.colcon_core.event_reactor:joined thread
[4.286s] INFO:colcon.colcon_core.shell:Creating prefix script '/home/jeremi/ros2_ws/src/install/local_setup.ps1'
[4.290s] INFO:colcon.colcon_core.shell:Creating prefix util module '/home/jeremi/ros2_ws/src/install/_local_setup_util_ps1.py'
[4.300s] INFO:colcon.colcon_core.shell:Creating prefix chain script '/home/jeremi/ros2_ws/src/install/setup.ps1'
[4.303s] INFO:colcon.colcon_core.shell:Creating prefix script '/home/jeremi/ros2_ws/src/install/local_setup.sh'
[4.304s] INFO:colcon.colcon_core.shell:Creating prefix util module '/home/jeremi/ros2_ws/src/install/_local_setup_util_sh.py'
[4.305s] INFO:colcon.colcon_core.shell:Creating prefix chain script '/home/jeremi/ros2_ws/src/install/setup.sh'
[4.309s] INFO:colcon.colcon_core.shell:Creating prefix script '/home/jeremi/ros2_ws/src/install/local_setup.bash'
[4.320s] INFO:colcon.colcon_core.shell:Creating prefix chain script '/home/jeremi/ros2_ws/src/install/setup.bash'
[4.322s] INFO:colcon.colcon_core.shell:Creating prefix script '/home/jeremi/ros2_ws/src/install/local_setup.zsh'
[4.323s] INFO:colcon.colcon_core.shell:Creating prefix chain script '/home/jeremi/ros2_ws/src/install/setup.zsh'
