running develop
running egg_info
creating urdf_controller.egg-info
writing urdf_controller.egg-info/PKG-INFO
writing dependency_links to urdf_controller.egg-info/dependency_links.txt
writing entry points to urdf_controller.egg-info/entry_points.txt
writing requirements to urdf_controller.egg-info/requires.txt
writing top-level names to urdf_controller.egg-info/top_level.txt
writing manifest file 'urdf_controller.egg-info/SOURCES.txt'
reading manifest file 'urdf_controller.egg-info/SOURCES.txt'
writing manifest file 'urdf_controller.egg-info/SOURCES.txt'
running build_ext
Creating /home/jeremi/ros2_ws/src/install/urdf_controller/lib/python3.10/site-packages/urdf-controller.egg-link (link to .)

Installed /home/jeremi/ros2_ws/src/build/urdf_controller
running install_data
creating /home/jeremi/ros2_ws/src/install/urdf_controller/share/ament_index
creating /home/jeremi/ros2_ws/src/install/urdf_controller/share/ament_index/resource_index
creating /home/jeremi/ros2_ws/src/install/urdf_controller/share/ament_index/resource_index/packages
copying resource/urdf_controller -> /home/jeremi/ros2_ws/src/install/urdf_controller/share/ament_index/resource_index/packages
copying package.xml -> /home/jeremi/ros2_ws/src/install/urdf_controller/share/urdf_controller
copying launch/demo.launch.py -> /home/jeremi/ros2_ws/src/install/urdf_controller/share/urdf_controller
copying urdf/myfirst.urdf -> /home/jeremi/ros2_ws/src/install/urdf_controller/share/urdf_controller
