[2.038s] Invoking command in '/home/jeremi/ros2_ws/src/build/urdf_controller': PYTHONPATH=/home/jeremi/ros2_ws/src/build/urdf_controller/prefix_override:/home/jeremi/ros2_ws/src/install/urdf_controller/lib/python3.10/site-packages:${PYTHONPATH} /usr/bin/python3 setup.py develop --editable --build-directory /home/jeremi/ros2_ws/src/build/urdf_controller/build --no-deps install_data
[2.902s] running develop
[3.409s] running egg_info
[3.410s] creating urdf_controller.egg-info
[3.412s] writing urdf_controller.egg-info/PKG-INFO
[3.413s] writing dependency_links to urdf_controller.egg-info/dependency_links.txt
[3.413s] writing entry points to urdf_controller.egg-info/entry_points.txt
[3.413s] writing requirements to urdf_controller.egg-info/requires.txt
[3.418s] writing top-level names to urdf_controller.egg-info/top_level.txt
[3.419s] writing manifest file 'urdf_controller.egg-info/SOURCES.txt'
[3.421s] reading manifest file 'urdf_controller.egg-info/SOURCES.txt'
[3.425s] writing manifest file 'urdf_controller.egg-info/SOURCES.txt'
[3.434s] running build_ext
[3.435s] Creating /home/jeremi/ros2_ws/src/install/urdf_controller/lib/python3.10/site-packages/urdf-controller.egg-link (link to .)
[3.436s] 
[3.436s] Installed /home/jeremi/ros2_ws/src/build/urdf_controller
[3.437s] running install_data
[3.439s] creating /home/jeremi/ros2_ws/src/install/urdf_controller/share/ament_index
[3.441s] creating /home/jeremi/ros2_ws/src/install/urdf_controller/share/ament_index/resource_index
[3.441s] creating /home/jeremi/ros2_ws/src/install/urdf_controller/share/ament_index/resource_index/packages
[3.449s] copying resource/urdf_controller -> /home/jeremi/ros2_ws/src/install/urdf_controller/share/ament_index/resource_index/packages
[3.451s] copying package.xml -> /home/jeremi/ros2_ws/src/install/urdf_controller/share/urdf_controller
[3.453s] copying launch/demo.launch.py -> /home/jeremi/ros2_ws/src/install/urdf_controller/share/urdf_controller
[3.460s] copying urdf/myfirst.urdf -> /home/jeremi/ros2_ws/src/install/urdf_controller/share/urdf_controller
[3.586s] Invoked command in '/home/jeremi/ros2_ws/src/build/urdf_controller' returned '0': PYTHONPATH=/home/jeremi/ros2_ws/src/build/urdf_controller/prefix_override:/home/jeremi/ros2_ws/src/install/urdf_controller/lib/python3.10/site-packages:${PYTHONPATH} /usr/bin/python3 setup.py develop --editable --build-directory /home/jeremi/ros2_ws/src/build/urdf_controller/build --no-deps install_data
