[0.920s] Invoking command in '/home/jeremi/ros2_ws/src/build/my_robot_controller': PYTHONPATH=/home/jeremi/ros2_ws/src/build/my_robot_controller/prefix_override:/home/jeremi/ros2_ws/src/install/my_robot_controller/lib/python3.10/site-packages:${PYTHONPATH} /usr/bin/python3 setup.py develop --editable --build-directory /home/jeremi/ros2_ws/src/build/my_robot_controller/build --no-deps install_data
[1.328s] running develop
[1.522s] running egg_info
[1.523s] writing my_robot_controller.egg-info/PKG-INFO
[1.525s] writing dependency_links to my_robot_controller.egg-info/dependency_links.txt
[1.527s] writing entry points to my_robot_controller.egg-info/entry_points.txt
[1.528s] writing requirements to my_robot_controller.egg-info/requires.txt
[1.529s] writing top-level names to my_robot_controller.egg-info/top_level.txt
[1.532s] reading manifest file 'my_robot_controller.egg-info/SOURCES.txt'
[1.534s] writing manifest file 'my_robot_controller.egg-info/SOURCES.txt'
[1.537s] running build_ext
[1.538s] Creating /home/jeremi/ros2_ws/src/install/my_robot_controller/lib/python3.10/site-packages/my-robot-controller.egg-link (link to .)
[1.540s] Installing draw_circle script to /home/jeremi/ros2_ws/src/install/my_robot_controller/lib/my_robot_controller
[1.541s] Installing pose_subscriber script to /home/jeremi/ros2_ws/src/install/my_robot_controller/lib/my_robot_controller
[1.542s] Installing test_node script to /home/jeremi/ros2_ws/src/install/my_robot_controller/lib/my_robot_controller
[1.543s] Installing turtle_controller script to /home/jeremi/ros2_ws/src/install/my_robot_controller/lib/my_robot_controller
[1.545s] 
[1.545s] Installed /home/jeremi/ros2_ws/src/build/my_robot_controller
[1.545s] running install_data
[1.581s] Invoked command in '/home/jeremi/ros2_ws/src/build/my_robot_controller' returned '0': PYTHONPATH=/home/jeremi/ros2_ws/src/build/my_robot_controller/prefix_override:/home/jeremi/ros2_ws/src/install/my_robot_controller/lib/python3.10/site-packages:${PYTHONPATH} /usr/bin/python3 setup.py develop --editable --build-directory /home/jeremi/ros2_ws/src/build/my_robot_controller/build --no-deps install_data
