[1.021s] Invoking command in '/home/jeremi/ros2_ws/src/build/urdf_controller': PYTHONPATH=/home/jeremi/ros2_ws/src/build/urdf_controller/prefix_override:/home/jeremi/ros2_ws/src/install/urdf_controller/lib/python3.10/site-packages:${PYTHONPATH} /usr/bin/python3 setup.py develop --uninstall --editable --build-directory /home/jeremi/ros2_ws/src/build/urdf_controller/build
[1.394s] running develop
[1.588s] Removing /home/jeremi/ros2_ws/src/install/urdf_controller/lib/python3.10/site-packages/urdf-controller.egg-link (link to .)
[1.625s] Invoked command in '/home/jeremi/ros2_ws/src/build/urdf_controller' returned '0': PYTHONPATH=/home/jeremi/ros2_ws/src/build/urdf_controller/prefix_override:/home/jeremi/ros2_ws/src/install/urdf_controller/lib/python3.10/site-packages:${PYTHONPATH} /usr/bin/python3 setup.py develop --uninstall --editable --build-directory /home/jeremi/ros2_ws/src/build/urdf_controller/build
[1.626s] Invoking command in '/home/jeremi/ros2_ws/src/urdf_controller': PYTHONPATH=/home/jeremi/ros2_ws/src/build/urdf_controller/prefix_override:/home/jeremi/ros2_ws/src/install/urdf_controller/lib/python3.10/site-packages:${PYTHONPATH} /usr/bin/python3 setup.py egg_info --egg-base ../build/urdf_controller build --build-base /home/jeremi/ros2_ws/src/build/urdf_controller/build install --record /home/jeremi/ros2_ws/src/build/urdf_controller/install.log --single-version-externally-managed
[1.962s] running egg_info
[1.964s] writing ../build/urdf_controller/urdf_controller.egg-info/PKG-INFO
[1.966s] writing dependency_links to ../build/urdf_controller/urdf_controller.egg-info/dependency_links.txt
[1.967s] writing entry points to ../build/urdf_controller/urdf_controller.egg-info/entry_points.txt
[1.968s] writing requirements to ../build/urdf_controller/urdf_controller.egg-info/requires.txt
[1.970s] writing top-level names to ../build/urdf_controller/urdf_controller.egg-info/top_level.txt
[1.973s] reading manifest file '../build/urdf_controller/urdf_controller.egg-info/SOURCES.txt'
[1.975s] writing manifest file '../build/urdf_controller/urdf_controller.egg-info/SOURCES.txt'
[1.976s] running build
[1.977s] running build_py
[1.978s] running install
[1.979s] running install_lib
[1.980s] creating /home/jeremi/ros2_ws/src/install/urdf_controller/lib/python3.10/site-packages/urdf_controller
[1.981s] copying /home/jeremi/ros2_ws/src/build/urdf_controller/build/lib/urdf_controller/__init__.py -> /home/jeremi/ros2_ws/src/install/urdf_controller/lib/python3.10/site-packages/urdf_controller
[1.982s] byte-compiling /home/jeremi/ros2_ws/src/install/urdf_controller/lib/python3.10/site-packages/urdf_controller/__init__.py to __init__.cpython-310.pyc
[1.983s] running install_data
[1.984s] copying package.xml -> /home/jeremi/ros2_ws/src/install/urdf_controller/share/urdf_controller
[1.986s] running install_egg_info
[1.989s] Copying ../build/urdf_controller/urdf_controller.egg-info to /home/jeremi/ros2_ws/src/install/urdf_controller/lib/python3.10/site-packages/urdf_controller-0.0.0-py3.10.egg-info
[1.992s] running install_scripts
[2.017s] writing list of installed files to '/home/jeremi/ros2_ws/src/build/urdf_controller/install.log'
[2.048s] Invoked command in '/home/jeremi/ros2_ws/src/urdf_controller' returned '0': PYTHONPATH=/home/jeremi/ros2_ws/src/build/urdf_controller/prefix_override:/home/jeremi/ros2_ws/src/install/urdf_controller/lib/python3.10/site-packages:${PYTHONPATH} /usr/bin/python3 setup.py egg_info --egg-base ../build/urdf_controller build --build-base /home/jeremi/ros2_ws/src/build/urdf_controller/build install --record /home/jeremi/ros2_ws/src/build/urdf_controller/install.log --single-version-externally-managed
