[1.029s] Invoking command in '/home/jeremi/ros2_ws/src/build/my_robot_controller': PYTHONPATH=/home/jeremi/ros2_ws/src/build/my_robot_controller/prefix_override:/home/jeremi/ros2_ws/src/install/my_robot_controller/lib/python3.10/site-packages:${PYTHONPATH} /usr/bin/python3 setup.py develop --uninstall --editable --build-directory /home/jeremi/ros2_ws/src/build/my_robot_controller/build
[1.521s] running develop
[1.757s] Invoked command in '/home/jeremi/ros2_ws/src/build/my_robot_controller' returned '0': PYTHONPATH=/home/jeremi/ros2_ws/src/build/my_robot_controller/prefix_override:/home/jeremi/ros2_ws/src/install/my_robot_controller/lib/python3.10/site-packages:${PYTHONPATH} /usr/bin/python3 setup.py develop --uninstall --editable --build-directory /home/jeremi/ros2_ws/src/build/my_robot_controller/build
[1.758s] Invoking command in '/home/jeremi/ros2_ws/src/my_robot_controller': PYTHONPATH=/home/jeremi/ros2_ws/src/build/my_robot_controller/prefix_override:/home/jeremi/ros2_ws/src/install/my_robot_controller/lib/python3.10/site-packages:${PYTHONPATH} /usr/bin/python3 setup.py egg_info --egg-base ../build/my_robot_controller build --build-base /home/jeremi/ros2_ws/src/build/my_robot_controller/build install --record /home/jeremi/ros2_ws/src/build/my_robot_controller/install.log --single-version-externally-managed
[2.082s] running egg_info
[2.085s] writing ../build/my_robot_controller/my_robot_controller.egg-info/PKG-INFO
[2.087s] writing dependency_links to ../build/my_robot_controller/my_robot_controller.egg-info/dependency_links.txt
[2.088s] writing entry points to ../build/my_robot_controller/my_robot_controller.egg-info/entry_points.txt
[2.090s] writing requirements to ../build/my_robot_controller/my_robot_controller.egg-info/requires.txt
[2.091s] writing top-level names to ../build/my_robot_controller/my_robot_controller.egg-info/top_level.txt
[2.096s] reading manifest file '../build/my_robot_controller/my_robot_controller.egg-info/SOURCES.txt'
[2.099s] writing manifest file '../build/my_robot_controller/my_robot_controller.egg-info/SOURCES.txt'
[2.101s] running build
[2.101s] running build_py
[2.102s] running install
[2.103s] running install_lib
[2.112s] running install_data
[2.113s] running install_egg_info
[2.116s] removing '/home/jeremi/ros2_ws/src/install/my_robot_controller/lib/python3.10/site-packages/my_robot_controller-0.0.0-py3.10.egg-info' (and everything under it)
[2.127s] Copying ../build/my_robot_controller/my_robot_controller.egg-info to /home/jeremi/ros2_ws/src/install/my_robot_controller/lib/python3.10/site-packages/my_robot_controller-0.0.0-py3.10.egg-info
[2.133s] running install_scripts
[2.163s] Installing draw_circle script to /home/jeremi/ros2_ws/src/install/my_robot_controller/lib/my_robot_controller
[2.166s] Installing pose_subscriber script to /home/jeremi/ros2_ws/src/install/my_robot_controller/lib/my_robot_controller
[2.168s] Installing test_node script to /home/jeremi/ros2_ws/src/install/my_robot_controller/lib/my_robot_controller
[2.170s] Installing turtle_controller script to /home/jeremi/ros2_ws/src/install/my_robot_controller/lib/my_robot_controller
[2.172s] writing list of installed files to '/home/jeremi/ros2_ws/src/build/my_robot_controller/install.log'
[2.197s] Invoked command in '/home/jeremi/ros2_ws/src/my_robot_controller' returned '0': PYTHONPATH=/home/jeremi/ros2_ws/src/build/my_robot_controller/prefix_override:/home/jeremi/ros2_ws/src/install/my_robot_controller/lib/python3.10/site-packages:${PYTHONPATH} /usr/bin/python3 setup.py egg_info --egg-base ../build/my_robot_controller build --build-base /home/jeremi/ros2_ws/src/build/my_robot_controller/build install --record /home/jeremi/ros2_ws/src/build/my_robot_controller/install.log --single-version-externally-managed
