[0.847s] Invoking command in '/home/jeremi/ros2_ws/src/build/my_robot_controller': PYTHONPATH=/home/jeremi/ros2_ws/src/build/my_robot_controller/prefix_override:/home/jeremi/ros2_ws/src/install/my_robot_controller/lib/python3.10/site-packages:${PYTHONPATH} /usr/bin/python3 setup.py develop --uninstall --editable --build-directory /home/jeremi/ros2_ws/src/build/my_robot_controller/build
[1.202s] running develop
[1.427s] Invoked command in '/home/jeremi/ros2_ws/src/build/my_robot_controller' returned '0': PYTHONPATH=/home/jeremi/ros2_ws/src/build/my_robot_controller/prefix_override:/home/jeremi/ros2_ws/src/install/my_robot_controller/lib/python3.10/site-packages:${PYTHONPATH} /usr/bin/python3 setup.py develop --uninstall --editable --build-directory /home/jeremi/ros2_ws/src/build/my_robot_controller/build
[1.428s] Invoking command in '/home/jeremi/ros2_ws/src/my_robot_controller': PYTHONPATH=/home/jeremi/ros2_ws/src/build/my_robot_controller/prefix_override:/home/jeremi/ros2_ws/src/install/my_robot_controller/lib/python3.10/site-packages:${PYTHONPATH} /usr/bin/python3 setup.py egg_info --egg-base ../build/my_robot_controller build --build-base /home/jeremi/ros2_ws/src/build/my_robot_controller/build install --record /home/jeremi/ros2_ws/src/build/my_robot_controller/install.log --single-version-externally-managed
[1.739s] running egg_info
[1.741s] writing ../build/my_robot_controller/my_robot_controller.egg-info/PKG-INFO
[1.743s] writing dependency_links to ../build/my_robot_controller/my_robot_controller.egg-info/dependency_links.txt
[1.744s] writing entry points to ../build/my_robot_controller/my_robot_controller.egg-info/entry_points.txt
[1.746s] writing requirements to ../build/my_robot_controller/my_robot_controller.egg-info/requires.txt
[1.747s] writing top-level names to ../build/my_robot_controller/my_robot_controller.egg-info/top_level.txt
[1.750s] reading manifest file '../build/my_robot_controller/my_robot_controller.egg-info/SOURCES.txt'
[1.752s] writing manifest file '../build/my_robot_controller/my_robot_controller.egg-info/SOURCES.txt'
[1.754s] running build
[1.755s] running build_py
[1.756s] running install
[1.757s] running install_lib
[1.759s] running install_data
[1.760s] running install_egg_info
[1.762s] removing '/home/jeremi/ros2_ws/src/install/my_robot_controller/lib/python3.10/site-packages/my_robot_controller-0.0.0-py3.10.egg-info' (and everything under it)
[1.773s] Copying ../build/my_robot_controller/my_robot_controller.egg-info to /home/jeremi/ros2_ws/src/install/my_robot_controller/lib/python3.10/site-packages/my_robot_controller-0.0.0-py3.10.egg-info
[1.787s] running install_scripts
[1.806s] Installing draw_circle script to /home/jeremi/ros2_ws/src/install/my_robot_controller/lib/my_robot_controller
[1.809s] Installing pose_subscriber script to /home/jeremi/ros2_ws/src/install/my_robot_controller/lib/my_robot_controller
[1.811s] Installing test_node script to /home/jeremi/ros2_ws/src/install/my_robot_controller/lib/my_robot_controller
[1.812s] Installing turtle_controller script to /home/jeremi/ros2_ws/src/install/my_robot_controller/lib/my_robot_controller
[1.815s] writing list of installed files to '/home/jeremi/ros2_ws/src/build/my_robot_controller/install.log'
[1.858s] Invoked command in '/home/jeremi/ros2_ws/src/my_robot_controller' returned '0': PYTHONPATH=/home/jeremi/ros2_ws/src/build/my_robot_controller/prefix_override:/home/jeremi/ros2_ws/src/install/my_robot_controller/lib/python3.10/site-packages:${PYTHONPATH} /usr/bin/python3 setup.py egg_info --egg-base ../build/my_robot_controller build --build-base /home/jeremi/ros2_ws/src/build/my_robot_controller/build install --record /home/jeremi/ros2_ws/src/build/my_robot_controller/install.log --single-version-externally-managed
