[0.917s] Invoking command in '/home/jeremi/ros2_ws/src/build/urdf_controller': PYTHONPATH=/home/jeremi/ros2_ws/src/build/urdf_controller/prefix_override:/home/jeremi/ros2_ws/src/install/urdf_controller/lib/python3.10/site-packages:${PYTHONPATH} /usr/bin/python3 setup.py develop --uninstall --editable --build-directory /home/jeremi/ros2_ws/src/build/urdf_controller/build
[1.260s] running develop
[1.482s] Invoked command in '/home/jeremi/ros2_ws/src/build/urdf_controller' returned '0': PYTHONPATH=/home/jeremi/ros2_ws/src/build/urdf_controller/prefix_override:/home/jeremi/ros2_ws/src/install/urdf_controller/lib/python3.10/site-packages:${PYTHONPATH} /usr/bin/python3 setup.py develop --uninstall --editable --build-directory /home/jeremi/ros2_ws/src/build/urdf_controller/build
[1.483s] Invoking command in '/home/jeremi/ros2_ws/src/urdf_controller': PYTHONPATH=/home/jeremi/ros2_ws/src/build/urdf_controller/prefix_override:/home/jeremi/ros2_ws/src/install/urdf_controller/lib/python3.10/site-packages:${PYTHONPATH} /usr/bin/python3 setup.py egg_info --egg-base ../build/urdf_controller build --build-base /home/jeremi/ros2_ws/src/build/urdf_controller/build install --record /home/jeremi/ros2_ws/src/build/urdf_controller/install.log --single-version-externally-managed
[1.802s] running egg_info
[1.803s] writing ../build/urdf_controller/urdf_controller.egg-info/PKG-INFO
[1.805s] writing dependency_links to ../build/urdf_controller/urdf_controller.egg-info/dependency_links.txt
[1.807s] writing entry points to ../build/urdf_controller/urdf_controller.egg-info/entry_points.txt
[1.808s] writing requirements to ../build/urdf_controller/urdf_controller.egg-info/requires.txt
[1.809s] writing top-level names to ../build/urdf_controller/urdf_controller.egg-info/top_level.txt
[1.812s] reading manifest file '../build/urdf_controller/urdf_controller.egg-info/SOURCES.txt'
[1.815s] writing manifest file '../build/urdf_controller/urdf_controller.egg-info/SOURCES.txt'
[1.817s] running build
[1.817s] running build_py
[1.818s] running install
[1.819s] running install_lib
[1.821s] running install_data
[1.822s] copying urdf/myfirst.urdf -> /home/jeremi/ros2_ws/src/install/urdf_controller/share/urdf_controller
[1.823s] running install_egg_info
[1.833s] removing '/home/jeremi/ros2_ws/src/install/urdf_controller/lib/python3.10/site-packages/urdf_controller-0.0.0-py3.10.egg-info' (and everything under it)
[1.843s] Copying ../build/urdf_controller/urdf_controller.egg-info to /home/jeremi/ros2_ws/src/install/urdf_controller/lib/python3.10/site-packages/urdf_controller-0.0.0-py3.10.egg-info
[1.845s] running install_scripts
[1.871s] writing list of installed files to '/home/jeremi/ros2_ws/src/build/urdf_controller/install.log'
[1.893s] Invoked command in '/home/jeremi/ros2_ws/src/urdf_controller' returned '0': PYTHONPATH=/home/jeremi/ros2_ws/src/build/urdf_controller/prefix_override:/home/jeremi/ros2_ws/src/install/urdf_controller/lib/python3.10/site-packages:${PYTHONPATH} /usr/bin/python3 setup.py egg_info --egg-base ../build/urdf_controller build --build-base /home/jeremi/ros2_ws/src/build/urdf_controller/build install --record /home/jeremi/ros2_ws/src/build/urdf_controller/install.log --single-version-externally-managed
