[0.950s] Invoking command in '/home/jeremi/ros2_ws/src/build/urdf_controller': PYTHONPATH=/home/jeremi/ros2_ws/src/build/urdf_controller/prefix_override:/home/jeremi/ros2_ws/src/install/urdf_controller/lib/python3.10/site-packages:${PYTHONPATH} /usr/bin/python3 setup.py develop --uninstall --editable --build-directory /home/jeremi/ros2_ws/src/build/urdf_controller/build
[1.378s] running develop
[1.601s] Removing /home/jeremi/ros2_ws/src/install/urdf_controller/lib/python3.10/site-packages/urdf-controller.egg-link (link to .)
[1.639s] Invoked command in '/home/jeremi/ros2_ws/src/build/urdf_controller' returned '0': PYTHONPATH=/home/jeremi/ros2_ws/src/build/urdf_controller/prefix_override:/home/jeremi/ros2_ws/src/install/urdf_controller/lib/python3.10/site-packages:${PYTHONPATH} /usr/bin/python3 setup.py develop --uninstall --editable --build-directory /home/jeremi/ros2_ws/src/build/urdf_controller/build
[1.641s] Invoking command in '/home/jeremi/ros2_ws/src/urdf_controller': PYTHONPATH=/home/jeremi/ros2_ws/src/build/urdf_controller/prefix_override:/home/jeremi/ros2_ws/src/install/urdf_controller/lib/python3.10/site-packages:${PYTHONPATH} /usr/bin/python3 setup.py egg_info --egg-base ../build/urdf_controller build --build-base /home/jeremi/ros2_ws/src/build/urdf_controller/build install --record /home/jeremi/ros2_ws/src/build/urdf_controller/install.log --single-version-externally-managed
[2.006s] running egg_info
[2.008s] writing ../build/urdf_controller/urdf_controller.egg-info/PKG-INFO
[2.009s] writing dependency_links to ../build/urdf_controller/urdf_controller.egg-info/dependency_links.txt
[2.011s] writing entry points to ../build/urdf_controller/urdf_controller.egg-info/entry_points.txt
[2.012s] writing requirements to ../build/urdf_controller/urdf_controller.egg-info/requires.txt
[2.013s] writing top-level names to ../build/urdf_controller/urdf_controller.egg-info/top_level.txt
[2.017s] reading manifest file '../build/urdf_controller/urdf_controller.egg-info/SOURCES.txt'
[2.020s] writing manifest file '../build/urdf_controller/urdf_controller.egg-info/SOURCES.txt'
[2.021s] running build
[2.022s] running build_py
[2.023s] running install
[2.024s] running install_lib
[2.026s] creating /home/jeremi/ros2_ws/src/install/urdf_controller/lib/python3.10/site-packages/urdf_controller
[2.027s] copying /home/jeremi/ros2_ws/src/build/urdf_controller/build/lib/urdf_controller/__init__.py -> /home/jeremi/ros2_ws/src/install/urdf_controller/lib/python3.10/site-packages/urdf_controller
[2.029s] byte-compiling /home/jeremi/ros2_ws/src/install/urdf_controller/lib/python3.10/site-packages/urdf_controller/__init__.py to __init__.cpython-310.pyc
[2.030s] running install_data
[2.032s] copying urdf/myfirst.urdf -> /home/jeremi/ros2_ws/src/install/urdf_controller/share/urdf_controller
[2.047s] running install_egg_info
[2.050s] Copying ../build/urdf_controller/urdf_controller.egg-info to /home/jeremi/ros2_ws/src/install/urdf_controller/lib/python3.10/site-packages/urdf_controller-0.0.0-py3.10.egg-info
[2.055s] running install_scripts
[2.080s] writing list of installed files to '/home/jeremi/ros2_ws/src/build/urdf_controller/install.log'
[2.111s] Invoked command in '/home/jeremi/ros2_ws/src/urdf_controller' returned '0': PYTHONPATH=/home/jeremi/ros2_ws/src/build/urdf_controller/prefix_override:/home/jeremi/ros2_ws/src/install/urdf_controller/lib/python3.10/site-packages:${PYTHONPATH} /usr/bin/python3 setup.py egg_info --egg-base ../build/urdf_controller build --build-base /home/jeremi/ros2_ws/src/build/urdf_controller/build install --record /home/jeremi/ros2_ws/src/build/urdf_controller/install.log --single-version-externally-managed
