[1.089s] Invoking command in '/home/jeremi/ros2_ws/src/build/my_robot_controller': PYTHONPATH=/home/jeremi/ros2_ws/src/build/my_robot_controller/prefix_override:/home/jeremi/ros2_ws/src/install/my_robot_controller/lib/python3.10/site-packages:${PYTHONPATH} /usr/bin/python3 setup.py develop --uninstall --editable --build-directory /home/jeremi/ros2_ws/src/build/my_robot_controller/build
[1.455s] running develop
[1.669s] Invoked command in '/home/jeremi/ros2_ws/src/build/my_robot_controller' returned '0': PYTHONPATH=/home/jeremi/ros2_ws/src/build/my_robot_controller/prefix_override:/home/jeremi/ros2_ws/src/install/my_robot_controller/lib/python3.10/site-packages:${PYTHONPATH} /usr/bin/python3 setup.py develop --uninstall --editable --build-directory /home/jeremi/ros2_ws/src/build/my_robot_controller/build
[1.670s] Invoking command in '/home/jeremi/ros2_ws/src/my_robot_controller': PYTHONPATH=/home/jeremi/ros2_ws/src/build/my_robot_controller/prefix_override:/home/jeremi/ros2_ws/src/install/my_robot_controller/lib/python3.10/site-packages:${PYTHONPATH} /usr/bin/python3 setup.py egg_info --egg-base ../build/my_robot_controller build --build-base /home/jeremi/ros2_ws/src/build/my_robot_controller/build install --record /home/jeremi/ros2_ws/src/build/my_robot_controller/install.log --single-version-externally-managed
[1.977s] running egg_info
[1.979s] writing ../build/my_robot_controller/my_robot_controller.egg-info/PKG-INFO
[1.981s] writing dependency_links to ../build/my_robot_controller/my_robot_controller.egg-info/dependency_links.txt
[1.982s] writing entry points to ../build/my_robot_controller/my_robot_controller.egg-info/entry_points.txt
[1.983s] writing requirements to ../build/my_robot_controller/my_robot_controller.egg-info/requires.txt
[1.985s] writing top-level names to ../build/my_robot_controller/my_robot_controller.egg-info/top_level.txt
[1.990s] reading manifest file '../build/my_robot_controller/my_robot_controller.egg-info/SOURCES.txt'
[1.991s] writing manifest file '../build/my_robot_controller/my_robot_controller.egg-info/SOURCES.txt'
[1.993s] running build
[1.993s] running build_py
[1.995s] running install
[1.996s] running install_lib
[2.000s] running install_data
[2.002s] running install_egg_info
[2.004s] removing '/home/jeremi/ros2_ws/src/install/my_robot_controller/lib/python3.10/site-packages/my_robot_controller-0.0.0-py3.10.egg-info' (and everything under it)
[2.013s] Copying ../build/my_robot_controller/my_robot_controller.egg-info to /home/jeremi/ros2_ws/src/install/my_robot_controller/lib/python3.10/site-packages/my_robot_controller-0.0.0-py3.10.egg-info
[2.016s] running install_scripts
[2.043s] Installing draw_circle script to /home/jeremi/ros2_ws/src/install/my_robot_controller/lib/my_robot_controller
[2.046s] Installing pose_subscriber script to /home/jeremi/ros2_ws/src/install/my_robot_controller/lib/my_robot_controller
[2.048s] Installing test_node script to /home/jeremi/ros2_ws/src/install/my_robot_controller/lib/my_robot_controller
[2.051s] Installing turtle_controller script to /home/jeremi/ros2_ws/src/install/my_robot_controller/lib/my_robot_controller
[2.053s] writing list of installed files to '/home/jeremi/ros2_ws/src/build/my_robot_controller/install.log'
[2.076s] Invoked command in '/home/jeremi/ros2_ws/src/my_robot_controller' returned '0': PYTHONPATH=/home/jeremi/ros2_ws/src/build/my_robot_controller/prefix_override:/home/jeremi/ros2_ws/src/install/my_robot_controller/lib/python3.10/site-packages:${PYTHONPATH} /usr/bin/python3 setup.py egg_info --egg-base ../build/my_robot_controller build --build-base /home/jeremi/ros2_ws/src/build/my_robot_controller/build install --record /home/jeremi/ros2_ws/src/build/my_robot_controller/install.log --single-version-externally-managed
