[0.871s] Invoking command in '/home/jeremi/ros2_ws/src/build/my_robot_controller': PYTHONPATH=/home/jeremi/ros2_ws/src/build/my_robot_controller/prefix_override:/home/jeremi/ros2_ws/src/install/my_robot_controller/lib/python3.10/site-packages:${PYTHONPATH} /usr/bin/python3 setup.py develop --uninstall --editable --build-directory /home/jeremi/ros2_ws/src/build/my_robot_controller/build
[1.228s] running develop
[1.471s] Invoked command in '/home/jeremi/ros2_ws/src/build/my_robot_controller' returned '0': PYTHONPATH=/home/jeremi/ros2_ws/src/build/my_robot_controller/prefix_override:/home/jeremi/ros2_ws/src/install/my_robot_controller/lib/python3.10/site-packages:${PYTHONPATH} /usr/bin/python3 setup.py develop --uninstall --editable --build-directory /home/jeremi/ros2_ws/src/build/my_robot_controller/build
[1.471s] Invoking command in '/home/jeremi/ros2_ws/src/my_robot_controller': PYTHONPATH=/home/jeremi/ros2_ws/src/build/my_robot_controller/prefix_override:/home/jeremi/ros2_ws/src/install/my_robot_controller/lib/python3.10/site-packages:${PYTHONPATH} /usr/bin/python3 setup.py egg_info --egg-base ../build/my_robot_controller build --build-base /home/jeremi/ros2_ws/src/build/my_robot_controller/build install --record /home/jeremi/ros2_ws/src/build/my_robot_controller/install.log --single-version-externally-managed
[1.763s] running egg_info
[1.765s] writing ../build/my_robot_controller/my_robot_controller.egg-info/PKG-INFO
[1.767s] writing dependency_links to ../build/my_robot_controller/my_robot_controller.egg-info/dependency_links.txt
[1.768s] writing entry points to ../build/my_robot_controller/my_robot_controller.egg-info/entry_points.txt
[1.770s] writing requirements to ../build/my_robot_controller/my_robot_controller.egg-info/requires.txt
[1.771s] writing top-level names to ../build/my_robot_controller/my_robot_controller.egg-info/top_level.txt
[1.774s] reading manifest file '../build/my_robot_controller/my_robot_controller.egg-info/SOURCES.txt'
[1.778s] writing manifest file '../build/my_robot_controller/my_robot_controller.egg-info/SOURCES.txt'
[1.779s] running build
[1.779s] running build_py
[1.781s] running install
[1.782s] running install_lib
[1.784s] running install_data
[1.790s] running install_egg_info
[1.794s] removing '/home/jeremi/ros2_ws/src/install/my_robot_controller/lib/python3.10/site-packages/my_robot_controller-0.0.0-py3.10.egg-info' (and everything under it)
[1.803s] Copying ../build/my_robot_controller/my_robot_controller.egg-info to /home/jeremi/ros2_ws/src/install/my_robot_controller/lib/python3.10/site-packages/my_robot_controller-0.0.0-py3.10.egg-info
[1.805s] running install_scripts
[1.828s] Installing draw_circle script to /home/jeremi/ros2_ws/src/install/my_robot_controller/lib/my_robot_controller
[1.830s] Installing pose_subscriber script to /home/jeremi/ros2_ws/src/install/my_robot_controller/lib/my_robot_controller
[1.831s] Installing test_node script to /home/jeremi/ros2_ws/src/install/my_robot_controller/lib/my_robot_controller
[1.833s] Installing turtle_controller script to /home/jeremi/ros2_ws/src/install/my_robot_controller/lib/my_robot_controller
[1.835s] writing list of installed files to '/home/jeremi/ros2_ws/src/build/my_robot_controller/install.log'
[1.886s] Invoked command in '/home/jeremi/ros2_ws/src/my_robot_controller' returned '0': PYTHONPATH=/home/jeremi/ros2_ws/src/build/my_robot_controller/prefix_override:/home/jeremi/ros2_ws/src/install/my_robot_controller/lib/python3.10/site-packages:${PYTHONPATH} /usr/bin/python3 setup.py egg_info --egg-base ../build/my_robot_controller build --build-base /home/jeremi/ros2_ws/src/build/my_robot_controller/build install --record /home/jeremi/ros2_ws/src/build/my_robot_controller/install.log --single-version-externally-managed
