[0.830s] Invoking command in '/home/jeremi/ros2_ws/src/build/urdf_controller': PYTHONPATH=/home/jeremi/ros2_ws/src/build/urdf_controller/prefix_override:/home/jeremi/ros2_ws/src/install/urdf_controller/lib/python3.10/site-packages:${PYTHONPATH} /usr/bin/python3 setup.py develop --uninstall --editable --build-directory /home/jeremi/ros2_ws/src/build/urdf_controller/build
[1.179s] running develop
[1.397s] Invoked command in '/home/jeremi/ros2_ws/src/build/urdf_controller' returned '0': PYTHONPATH=/home/jeremi/ros2_ws/src/build/urdf_controller/prefix_override:/home/jeremi/ros2_ws/src/install/urdf_controller/lib/python3.10/site-packages:${PYTHONPATH} /usr/bin/python3 setup.py develop --uninstall --editable --build-directory /home/jeremi/ros2_ws/src/build/urdf_controller/build
[1.397s] Invoking command in '/home/jeremi/ros2_ws/src/urdf_controller': PYTHONPATH=/home/jeremi/ros2_ws/src/build/urdf_controller/prefix_override:/home/jeremi/ros2_ws/src/install/urdf_controller/lib/python3.10/site-packages:${PYTHONPATH} /usr/bin/python3 setup.py egg_info --egg-base ../build/urdf_controller build --build-base /home/jeremi/ros2_ws/src/build/urdf_controller/build install --record /home/jeremi/ros2_ws/src/build/urdf_controller/install.log --single-version-externally-managed
[1.694s] running egg_info
[1.695s] writing ../build/urdf_controller/urdf_controller.egg-info/PKG-INFO
[1.697s] writing dependency_links to ../build/urdf_controller/urdf_controller.egg-info/dependency_links.txt
[1.698s] writing entry points to ../build/urdf_controller/urdf_controller.egg-info/entry_points.txt
[1.700s] writing requirements to ../build/urdf_controller/urdf_controller.egg-info/requires.txt
[1.701s] writing top-level names to ../build/urdf_controller/urdf_controller.egg-info/top_level.txt
[1.705s] reading manifest file '../build/urdf_controller/urdf_controller.egg-info/SOURCES.txt'
[1.707s] writing manifest file '../build/urdf_controller/urdf_controller.egg-info/SOURCES.txt'
[1.708s] running build
[1.709s] running build_py
[1.710s] running install
[1.711s] running install_lib
[1.714s] running install_data
[1.715s] copying urdf/myfirst.urdf -> /home/jeremi/ros2_ws/src/install/urdf_controller/share/urdf_controller
[1.718s] running install_egg_info
[1.720s] removing '/home/jeremi/ros2_ws/src/install/urdf_controller/lib/python3.10/site-packages/urdf_controller-0.0.0-py3.10.egg-info' (and everything under it)
[1.721s] Copying ../build/urdf_controller/urdf_controller.egg-info to /home/jeremi/ros2_ws/src/install/urdf_controller/lib/python3.10/site-packages/urdf_controller-0.0.0-py3.10.egg-info
[1.722s] running install_scripts
[1.755s] writing list of installed files to '/home/jeremi/ros2_ws/src/build/urdf_controller/install.log'
[1.782s] Invoked command in '/home/jeremi/ros2_ws/src/urdf_controller' returned '0': PYTHONPATH=/home/jeremi/ros2_ws/src/build/urdf_controller/prefix_override:/home/jeremi/ros2_ws/src/install/urdf_controller/lib/python3.10/site-packages:${PYTHONPATH} /usr/bin/python3 setup.py egg_info --egg-base ../build/urdf_controller build --build-base /home/jeremi/ros2_ws/src/build/urdf_controller/build install --record /home/jeremi/ros2_ws/src/build/urdf_controller/install.log --single-version-externally-managed
