[1.304s] Invoking command in '/home/jeremi/ros2_ws/src/build/my_robot_controller': PYTHONPATH=/home/jeremi/ros2_ws/src/build/my_robot_controller/prefix_override:/home/jeremi/ros2_ws/src/install/my_robot_controller/lib/python3.10/site-packages:${PYTHONPATH} /usr/bin/python3 setup.py develop --editable --build-directory /home/jeremi/ros2_ws/src/build/my_robot_controller/build --no-deps install_data
[1.821s] running develop
[2.095s] running egg_info
[2.097s] creating my_robot_controller.egg-info
[2.099s] writing my_robot_controller.egg-info/PKG-INFO
[2.100s] writing dependency_links to my_robot_controller.egg-info/dependency_links.txt
[2.101s] writing entry points to my_robot_controller.egg-info/entry_points.txt
[2.102s] writing requirements to my_robot_controller.egg-info/requires.txt
[2.103s] writing top-level names to my_robot_controller.egg-info/top_level.txt
[2.105s] writing manifest file 'my_robot_controller.egg-info/SOURCES.txt'
[2.108s] reading manifest file 'my_robot_controller.egg-info/SOURCES.txt'
[2.110s] writing manifest file 'my_robot_controller.egg-info/SOURCES.txt'
[2.113s] running build_ext
[2.114s] Creating /home/jeremi/ros2_ws/src/install/my_robot_controller/lib/python3.10/site-packages/my-robot-controller.egg-link (link to .)
[2.118s] Installing draw_circle script to /home/jeremi/ros2_ws/src/install/my_robot_controller/lib/my_robot_controller
[2.119s] Installing pose_subscriber script to /home/jeremi/ros2_ws/src/install/my_robot_controller/lib/my_robot_controller
[2.120s] Installing test_node script to /home/jeremi/ros2_ws/src/install/my_robot_controller/lib/my_robot_controller
[2.121s] Installing turtle_controller script to /home/jeremi/ros2_ws/src/install/my_robot_controller/lib/my_robot_controller
[2.123s] 
[2.123s] Installed /home/jeremi/ros2_ws/src/build/my_robot_controller
[2.124s] running install_data
[2.125s] creating /home/jeremi/ros2_ws/src/install/my_robot_controller/share/ament_index
[2.125s] creating /home/jeremi/ros2_ws/src/install/my_robot_controller/share/ament_index/resource_index
[2.128s] creating /home/jeremi/ros2_ws/src/install/my_robot_controller/share/ament_index/resource_index/packages
[2.128s] copying resource/my_robot_controller -> /home/jeremi/ros2_ws/src/install/my_robot_controller/share/ament_index/resource_index/packages
[2.130s] copying package.xml -> /home/jeremi/ros2_ws/src/install/my_robot_controller/share/my_robot_controller
[2.167s] Invoked command in '/home/jeremi/ros2_ws/src/build/my_robot_controller' returned '0': PYTHONPATH=/home/jeremi/ros2_ws/src/build/my_robot_controller/prefix_override:/home/jeremi/ros2_ws/src/install/my_robot_controller/lib/python3.10/site-packages:${PYTHONPATH} /usr/bin/python3 setup.py develop --editable --build-directory /home/jeremi/ros2_ws/src/build/my_robot_controller/build --no-deps install_data
