[1.015s] Invoking command in '/home/jeremi/ros2_ws/src/build/my_robot_controller': PYTHONPATH=/home/jeremi/ros2_ws/src/build/my_robot_controller/prefix_override:/home/jeremi/ros2_ws/src/install/my_robot_controller/lib/python3.10/site-packages:${PYTHONPATH} /usr/bin/python3 setup.py develop --editable --build-directory /home/jeremi/ros2_ws/src/build/my_robot_controller/build --no-deps install_data
[1.379s] running develop
[1.589s] running egg_info
[1.591s] writing my_robot_controller.egg-info/PKG-INFO
[1.593s] writing dependency_links to my_robot_controller.egg-info/dependency_links.txt
[1.594s] writing entry points to my_robot_controller.egg-info/entry_points.txt
[1.596s] writing requirements to my_robot_controller.egg-info/requires.txt
[1.597s] writing top-level names to my_robot_controller.egg-info/top_level.txt
[1.600s] reading manifest file 'my_robot_controller.egg-info/SOURCES.txt'
[1.603s] writing manifest file 'my_robot_controller.egg-info/SOURCES.txt'
[1.605s] running build_ext
[1.606s] Creating /home/jeremi/ros2_ws/src/install/my_robot_controller/lib/python3.10/site-packages/my-robot-controller.egg-link (link to .)
[1.608s] Installing draw_circle script to /home/jeremi/ros2_ws/src/install/my_robot_controller/lib/my_robot_controller
[1.610s] Installing pose_subscriber script to /home/jeremi/ros2_ws/src/install/my_robot_controller/lib/my_robot_controller
[1.612s] Installing test_node script to /home/jeremi/ros2_ws/src/install/my_robot_controller/lib/my_robot_controller
[1.613s] Installing turtle_controller script to /home/jeremi/ros2_ws/src/install/my_robot_controller/lib/my_robot_controller
[1.614s] 
[1.615s] Installed /home/jeremi/ros2_ws/src/build/my_robot_controller
[1.615s] running install_data
[1.656s] Invoked command in '/home/jeremi/ros2_ws/src/build/my_robot_controller' returned '0': PYTHONPATH=/home/jeremi/ros2_ws/src/build/my_robot_controller/prefix_override:/home/jeremi/ros2_ws/src/install/my_robot_controller/lib/python3.10/site-packages:${PYTHONPATH} /usr/bin/python3 setup.py develop --editable --build-directory /home/jeremi/ros2_ws/src/build/my_robot_controller/build --no-deps install_data
