[0.376s] DEBUG:colcon:Command line arguments: ['/usr/bin/colcon', 'build']
[0.376s] DEBUG:colcon:Parsed command line arguments: Namespace(log_base=None, log_level=None, verb_name='build', build_base='build', install_base='install', merge_install=False, symlink_install=False, test_result_base=None, continue_on_error=False, executor='parallel', parallel_workers=1, event_handlers=None, ignore_user_meta=False, metas=['./colcon.meta'], base_paths=['.'], packages_ignore=None, packages_ignore_regex=None, paths=None, packages_up_to=None, packages_up_to_regex=None, packages_above=None, packages_above_and_dependencies=None, packages_above_depth=None, packages_select_by_dep=None, packages_skip_by_dep=None, packages_skip_up_to=None, packages_select_build_failed=False, packages_skip_build_finished=False, packages_select_test_failures=False, packages_skip_test_passed=False, packages_select=None, packages_skip=None, packages_select_regex=None, packages_skip_regex=None, packages_start=None, packages_end=None, allow_overriding=[], cmake_args=None, cmake_target=None, cmake_target_skip_unavailable=False, cmake_clean_cache=False, cmake_clean_first=False, cmake_force_configure=False, ament_cmake_args=None, catkin_cmake_args=None, catkin_skip_building_tests=False, verb_parser=<colcon_defaults.argument_parser.defaults.DefaultArgumentsDecorator object at 0x7f2b7d8be890>, verb_extension=<colcon_core.verb.build.BuildVerb object at 0x7f2b7d8be320>, main=<bound method BuildVerb.main of <colcon_core.verb.build.BuildVerb object at 0x7f2b7d8be320>>)
[0.399s] Level 1:colcon.colcon_core.package_discovery:discover_packages(colcon_meta) check parameters
[0.399s] Level 1:colcon.colcon_core.package_discovery:discover_packages(recursive) check parameters
[0.400s] Level 1:colcon.colcon_core.package_discovery:discover_packages(ignore) check parameters
[0.400s] Level 1:colcon.colcon_core.package_discovery:discover_packages(path) check parameters
[0.400s] Level 1:colcon.colcon_core.package_discovery:discover_packages(colcon_meta) discover
[0.400s] Level 1:colcon.colcon_core.package_discovery:discover_packages(recursive) discover
[0.400s] INFO:colcon.colcon_core.package_discovery:Crawling recursively for packages in '/home/jeremi/ros2_ws/src'
[0.400s] Level 1:colcon.colcon_core.package_identification:_identify(.) by extensions ['ignore', 'ignore_ament_install']
[0.401s] Level 1:colcon.colcon_core.package_identification:_identify(.) by extension 'ignore'
[0.401s] Level 1:colcon.colcon_core.package_identification:_identify(.) by extension 'ignore_ament_install'
[0.401s] Level 1:colcon.colcon_core.package_identification:_identify(.) by extensions ['colcon_pkg']
[0.401s] Level 1:colcon.colcon_core.package_identification:_identify(.) by extension 'colcon_pkg'
[0.401s] Level 1:colcon.colcon_core.package_identification:_identify(.) by extensions ['colcon_meta']
[0.401s] Level 1:colcon.colcon_core.package_identification:_identify(.) by extension 'colcon_meta'
[0.402s] Level 1:colcon.colcon_core.package_identification:_identify(.) by extensions ['ros']
[0.402s] Level 1:colcon.colcon_core.package_identification:_identify(.) by extension 'ros'
[0.412s] Level 1:colcon.colcon_core.package_identification:_identify(.) by extensions ['cmake', 'python']
[0.412s] Level 1:colcon.colcon_core.package_identification:_identify(.) by extension 'cmake'
[0.413s] Level 1:colcon.colcon_core.package_identification:_identify(.) by extension 'python'
[0.413s] Level 1:colcon.colcon_core.package_identification:_identify(.) by extensions ['python_setup_py']
[0.413s] Level 1:colcon.colcon_core.package_identification:_identify(.) by extension 'python_setup_py'
[0.413s] Level 1:colcon.colcon_core.package_identification:_identify(build) by extensions ['ignore', 'ignore_ament_install']
[0.413s] Level 1:colcon.colcon_core.package_identification:_identify(build) by extension 'ignore'
[0.413s] Level 1:colcon.colcon_core.package_identification:_identify(build) ignored
[0.414s] Level 1:colcon.colcon_core.package_identification:_identify(install) by extensions ['ignore', 'ignore_ament_install']
[0.414s] Level 1:colcon.colcon_core.package_identification:_identify(install) by extension 'ignore'
[0.414s] Level 1:colcon.colcon_core.package_identification:_identify(install) ignored
[0.414s] Level 1:colcon.colcon_core.package_identification:_identify(log) by extensions ['ignore', 'ignore_ament_install']
[0.414s] Level 1:colcon.colcon_core.package_identification:_identify(log) by extension 'ignore'
[0.415s] Level 1:colcon.colcon_core.package_identification:_identify(log) ignored
[0.415s] Level 1:colcon.colcon_core.package_identification:_identify(my_robot_controller) by extensions ['ignore', 'ignore_ament_install']
[0.415s] Level 1:colcon.colcon_core.package_identification:_identify(my_robot_controller) by extension 'ignore'
[0.415s] Level 1:colcon.colcon_core.package_identification:_identify(my_robot_controller) by extension 'ignore_ament_install'
[0.415s] Level 1:colcon.colcon_core.package_identification:_identify(my_robot_controller) by extensions ['colcon_pkg']
[0.415s] Level 1:colcon.colcon_core.package_identification:_identify(my_robot_controller) by extension 'colcon_pkg'
[0.416s] Level 1:colcon.colcon_core.package_identification:_identify(my_robot_controller) by extensions ['colcon_meta']
[0.416s] Level 1:colcon.colcon_core.package_identification:_identify(my_robot_controller) by extension 'colcon_meta'
[0.416s] Level 1:colcon.colcon_core.package_identification:_identify(my_robot_controller) by extensions ['ros']
[0.416s] Level 1:colcon.colcon_core.package_identification:_identify(my_robot_controller) by extension 'ros'
[0.419s] DEBUG:colcon.colcon_core.package_identification:Package 'my_robot_controller' with type 'ros.ament_python' and name 'my_robot_controller'
[0.419s] Level 1:colcon.colcon_core.package_identification:_identify(urdf_controller) by extensions ['ignore', 'ignore_ament_install']
[0.419s] Level 1:colcon.colcon_core.package_identification:_identify(urdf_controller) by extension 'ignore'
[0.420s] Level 1:colcon.colcon_core.package_identification:_identify(urdf_controller) by extension 'ignore_ament_install'
[0.420s] Level 1:colcon.colcon_core.package_identification:_identify(urdf_controller) by extensions ['colcon_pkg']
[0.420s] Level 1:colcon.colcon_core.package_identification:_identify(urdf_controller) by extension 'colcon_pkg'
[0.420s] Level 1:colcon.colcon_core.package_identification:_identify(urdf_controller) by extensions ['colcon_meta']
[0.420s] Level 1:colcon.colcon_core.package_identification:_identify(urdf_controller) by extension 'colcon_meta'
[0.420s] Level 1:colcon.colcon_core.package_identification:_identify(urdf_controller) by extensions ['ros']
[0.421s] Level 1:colcon.colcon_core.package_identification:_identify(urdf_controller) by extension 'ros'
[0.421s] DEBUG:colcon.colcon_core.package_identification:Package 'urdf_controller' with type 'ros.ament_python' and name 'urdf_controller'
[0.422s] Level 1:colcon.colcon_core.package_discovery:discover_packages(recursive) using defaults
[0.422s] Level 1:colcon.colcon_core.package_discovery:discover_packages(ignore) discover
[0.422s] Level 1:colcon.colcon_core.package_discovery:discover_packages(ignore) using defaults
[0.422s] Level 1:colcon.colcon_core.package_discovery:discover_packages(path) discover
[0.422s] Level 1:colcon.colcon_core.package_discovery:discover_packages(path) using defaults
[0.448s] Level 1:colcon.colcon_core.package_discovery:discover_packages(prefix_path) check parameters
[0.448s] Level 1:colcon.colcon_core.package_discovery:discover_packages(prefix_path) discover
[0.451s] DEBUG:colcon.colcon_installed_package_information.package_discovery:Found 2 installed packages in /home/jeremi/ros2_ws/src/install
[0.452s] DEBUG:colcon.colcon_installed_package_information.package_discovery:Found 2 installed packages in /home/jeremi/ros2_ws/install
[0.454s] DEBUG:colcon.colcon_installed_package_information.package_discovery:Found 274 installed packages in /opt/ros/humble
[0.456s] Level 1:colcon.colcon_core.package_discovery:discover_packages(prefix_path) using defaults
[0.531s] Level 5:colcon.colcon_core.verb:set package 'my_robot_controller' build argument 'cmake_args' from command line to 'None'
[0.531s] Level 5:colcon.colcon_core.verb:set package 'my_robot_controller' build argument 'cmake_target' from command line to 'None'
[0.531s] Level 5:colcon.colcon_core.verb:set package 'my_robot_controller' build argument 'cmake_target_skip_unavailable' from command line to 'False'
[0.532s] Level 5:colcon.colcon_core.verb:set package 'my_robot_controller' build argument 'cmake_clean_cache' from command line to 'False'
[0.532s] Level 5:colcon.colcon_core.verb:set package 'my_robot_controller' build argument 'cmake_clean_first' from command line to 'False'
[0.532s] Level 5:colcon.colcon_core.verb:set package 'my_robot_controller' build argument 'cmake_force_configure' from command line to 'False'
[0.532s] Level 5:colcon.colcon_core.verb:set package 'my_robot_controller' build argument 'ament_cmake_args' from command line to 'None'
[0.532s] Level 5:colcon.colcon_core.verb:set package 'my_robot_controller' build argument 'catkin_cmake_args' from command line to 'None'
[0.532s] Level 5:colcon.colcon_core.verb:set package 'my_robot_controller' build argument 'catkin_skip_building_tests' from command line to 'False'
[0.532s] DEBUG:colcon.colcon_core.verb:Building package 'my_robot_controller' with the following arguments: {'ament_cmake_args': None, 'build_base': '/home/jeremi/ros2_ws/src/build/my_robot_controller', 'catkin_cmake_args': None, 'catkin_skip_building_tests': False, 'cmake_args': None, 'cmake_clean_cache': False, 'cmake_clean_first': False, 'cmake_force_configure': False, 'cmake_target': None, 'cmake_target_skip_unavailable': False, 'install_base': '/home/jeremi/ros2_ws/src/install/my_robot_controller', 'merge_install': False, 'path': '/home/jeremi/ros2_ws/src/my_robot_controller', 'symlink_install': False, 'test_result_base': None}
[0.534s] Level 5:colcon.colcon_core.verb:set package 'urdf_controller' build argument 'cmake_args' from command line to 'None'
[0.534s] Level 5:colcon.colcon_core.verb:set package 'urdf_controller' build argument 'cmake_target' from command line to 'None'
[0.534s] Level 5:colcon.colcon_core.verb:set package 'urdf_controller' build argument 'cmake_target_skip_unavailable' from command line to 'False'
[0.534s] Level 5:colcon.colcon_core.verb:set package 'urdf_controller' build argument 'cmake_clean_cache' from command line to 'False'
[0.534s] Level 5:colcon.colcon_core.verb:set package 'urdf_controller' build argument 'cmake_clean_first' from command line to 'False'
[0.534s] Level 5:colcon.colcon_core.verb:set package 'urdf_controller' build argument 'cmake_force_configure' from command line to 'False'
[0.534s] Level 5:colcon.colcon_core.verb:set package 'urdf_controller' build argument 'ament_cmake_args' from command line to 'None'
[0.535s] Level 5:colcon.colcon_core.verb:set package 'urdf_controller' build argument 'catkin_cmake_args' from command line to 'None'
[0.535s] Level 5:colcon.colcon_core.verb:set package 'urdf_controller' build argument 'catkin_skip_building_tests' from command line to 'False'
[0.535s] DEBUG:colcon.colcon_core.verb:Building package 'urdf_controller' with the following arguments: {'ament_cmake_args': None, 'build_base': '/home/jeremi/ros2_ws/src/build/urdf_controller', 'catkin_cmake_args': None, 'catkin_skip_building_tests': False, 'cmake_args': None, 'cmake_clean_cache': False, 'cmake_clean_first': False, 'cmake_force_configure': False, 'cmake_target': None, 'cmake_target_skip_unavailable': False, 'install_base': '/home/jeremi/ros2_ws/src/install/urdf_controller', 'merge_install': False, 'path': '/home/jeremi/ros2_ws/src/urdf_controller', 'symlink_install': False, 'test_result_base': None}
[0.536s] INFO:colcon.colcon_core.executor:Executing jobs using 'parallel' executor
[0.540s] DEBUG:colcon.colcon_parallel_executor.executor.parallel:run_until_complete
[0.540s] INFO:colcon.colcon_ros.task.ament_python.build:Building ROS package in '/home/jeremi/ros2_ws/src/my_robot_controller' with build type 'ament_python'
[0.540s] Level 1:colcon.colcon_core.shell:create_environment_hook('my_robot_controller', 'ament_prefix_path')
[0.544s] INFO:colcon.colcon_core.plugin_system:Skipping extension 'colcon_core.shell.bat': Not used on non-Windows systems
[0.545s] INFO:colcon.colcon_core.shell:Creating environment hook '/home/jeremi/ros2_ws/src/install/my_robot_controller/share/my_robot_controller/hook/ament_prefix_path.ps1'
[0.547s] INFO:colcon.colcon_core.shell:Creating environment descriptor '/home/jeremi/ros2_ws/src/install/my_robot_controller/share/my_robot_controller/hook/ament_prefix_path.dsv'
[0.548s] INFO:colcon.colcon_core.shell:Creating environment hook '/home/jeremi/ros2_ws/src/install/my_robot_controller/share/my_robot_controller/hook/ament_prefix_path.sh'
[0.551s] INFO:colcon.colcon_core.shell:Skip shell extension 'powershell' for command environment: Not usable outside of PowerShell
[0.551s] DEBUG:colcon.colcon_core.shell:Skip shell extension 'dsv' for command environment
[0.927s] INFO:colcon.colcon_core.task.python.build:Building Python package in '/home/jeremi/ros2_ws/src/my_robot_controller'
[0.929s] INFO:colcon.colcon_core.shell:Skip shell extension 'powershell' for command environment: Not usable outside of PowerShell
[0.929s] DEBUG:colcon.colcon_core.shell:Skip shell extension 'dsv' for command environment
[1.395s] DEBUG:colcon.colcon_core.event_handler.log_command:Invoking command in '/home/jeremi/ros2_ws/src/build/my_robot_controller': PYTHONPATH=/home/jeremi/ros2_ws/src/build/my_robot_controller/prefix_override:/home/jeremi/ros2_ws/src/install/my_robot_controller/lib/python3.10/site-packages:${PYTHONPATH} /usr/bin/python3 setup.py develop --uninstall --editable --build-directory /home/jeremi/ros2_ws/src/build/my_robot_controller/build
[1.975s] DEBUG:colcon.colcon_core.event_handler.log_command:Invoked command in '/home/jeremi/ros2_ws/src/build/my_robot_controller' returned '0': PYTHONPATH=/home/jeremi/ros2_ws/src/build/my_robot_controller/prefix_override:/home/jeremi/ros2_ws/src/install/my_robot_controller/lib/python3.10/site-packages:${PYTHONPATH} /usr/bin/python3 setup.py develop --uninstall --editable --build-directory /home/jeremi/ros2_ws/src/build/my_robot_controller/build
[1.976s] DEBUG:colcon.colcon_core.event_handler.log_command:Invoking command in '/home/jeremi/ros2_ws/src/my_robot_controller': PYTHONPATH=/home/jeremi/ros2_ws/src/build/my_robot_controller/prefix_override:/home/jeremi/ros2_ws/src/install/my_robot_controller/lib/python3.10/site-packages:${PYTHONPATH} /usr/bin/python3 setup.py egg_info --egg-base ../build/my_robot_controller build --build-base /home/jeremi/ros2_ws/src/build/my_robot_controller/build install --record /home/jeremi/ros2_ws/src/build/my_robot_controller/install.log --single-version-externally-managed
[2.397s] DEBUG:colcon.colcon_core.event_handler.log_command:Invoked command in '/home/jeremi/ros2_ws/src/my_robot_controller' returned '0': PYTHONPATH=/home/jeremi/ros2_ws/src/build/my_robot_controller/prefix_override:/home/jeremi/ros2_ws/src/install/my_robot_controller/lib/python3.10/site-packages:${PYTHONPATH} /usr/bin/python3 setup.py egg_info --egg-base ../build/my_robot_controller build --build-base /home/jeremi/ros2_ws/src/build/my_robot_controller/build install --record /home/jeremi/ros2_ws/src/build/my_robot_controller/install.log --single-version-externally-managed
[2.407s] Level 1:colcon.colcon_core.environment:checking '/home/jeremi/ros2_ws/src/install/my_robot_controller' for CMake module files
[2.408s] Level 1:colcon.colcon_core.environment:checking '/home/jeremi/ros2_ws/src/install/my_robot_controller' for CMake config files
[2.409s] Level 1:colcon.colcon_core.environment:checking '/home/jeremi/ros2_ws/src/install/my_robot_controller/lib'
[2.409s] Level 1:colcon.colcon_core.environment:checking '/home/jeremi/ros2_ws/src/install/my_robot_controller/bin'
[2.410s] Level 1:colcon.colcon_core.environment:checking '/home/jeremi/ros2_ws/src/install/my_robot_controller/lib/pkgconfig/my_robot_controller.pc'
[2.410s] Level 1:colcon.colcon_core.environment:checking '/home/jeremi/ros2_ws/src/install/my_robot_controller/lib/python3.10/site-packages'
[2.410s] Level 1:colcon.colcon_core.shell:create_environment_hook('my_robot_controller', 'pythonpath')
[2.412s] INFO:colcon.colcon_core.shell:Creating environment hook '/home/jeremi/ros2_ws/src/install/my_robot_controller/share/my_robot_controller/hook/pythonpath.ps1'
[2.413s] INFO:colcon.colcon_core.shell:Creating environment descriptor '/home/jeremi/ros2_ws/src/install/my_robot_controller/share/my_robot_controller/hook/pythonpath.dsv'
[2.414s] INFO:colcon.colcon_core.shell:Creating environment hook '/home/jeremi/ros2_ws/src/install/my_robot_controller/share/my_robot_controller/hook/pythonpath.sh'
[2.416s] Level 1:colcon.colcon_core.environment:checking '/home/jeremi/ros2_ws/src/install/my_robot_controller/bin'
[2.416s] Level 1:colcon.colcon_core.environment:create_environment_scripts_only(my_robot_controller)
[2.418s] INFO:colcon.colcon_core.shell:Creating package script '/home/jeremi/ros2_ws/src/install/my_robot_controller/share/my_robot_controller/package.ps1'
[2.419s] INFO:colcon.colcon_core.shell:Creating package descriptor '/home/jeremi/ros2_ws/src/install/my_robot_controller/share/my_robot_controller/package.dsv'
[2.421s] INFO:colcon.colcon_core.shell:Creating package script '/home/jeremi/ros2_ws/src/install/my_robot_controller/share/my_robot_controller/package.sh'
[2.423s] INFO:colcon.colcon_core.shell:Creating package script '/home/jeremi/ros2_ws/src/install/my_robot_controller/share/my_robot_controller/package.bash'
[2.424s] INFO:colcon.colcon_core.shell:Creating package script '/home/jeremi/ros2_ws/src/install/my_robot_controller/share/my_robot_controller/package.zsh'
[2.425s] Level 1:colcon.colcon_core.environment:create_file_with_runtime_dependencies(/home/jeremi/ros2_ws/src/install/my_robot_controller/share/colcon-core/packages/my_robot_controller)
[2.427s] INFO:colcon.colcon_ros.task.ament_python.build:Building ROS package in '/home/jeremi/ros2_ws/src/urdf_controller' with build type 'ament_python'
[2.428s] Level 1:colcon.colcon_core.shell:create_environment_hook('urdf_controller', 'ament_prefix_path')
[2.429s] INFO:colcon.colcon_core.shell:Creating environment hook '/home/jeremi/ros2_ws/src/install/urdf_controller/share/urdf_controller/hook/ament_prefix_path.ps1'
[2.441s] INFO:colcon.colcon_core.shell:Creating environment descriptor '/home/jeremi/ros2_ws/src/install/urdf_controller/share/urdf_controller/hook/ament_prefix_path.dsv'
[2.442s] INFO:colcon.colcon_core.shell:Creating environment hook '/home/jeremi/ros2_ws/src/install/urdf_controller/share/urdf_controller/hook/ament_prefix_path.sh'
[2.444s] INFO:colcon.colcon_core.shell:Skip shell extension 'powershell' for command environment: Not usable outside of PowerShell
[2.445s] DEBUG:colcon.colcon_core.shell:Skip shell extension 'dsv' for command environment
[2.832s] INFO:colcon.colcon_core.task.python.build:Building Python package in '/home/jeremi/ros2_ws/src/urdf_controller'
[2.834s] INFO:colcon.colcon_core.shell:Skip shell extension 'powershell' for command environment: Not usable outside of PowerShell
[2.834s] DEBUG:colcon.colcon_core.shell:Skip shell extension 'dsv' for command environment
[3.258s] DEBUG:colcon.colcon_core.event_handler.log_command:Invoking command in '/home/jeremi/ros2_ws/src/build/urdf_controller': PYTHONPATH=/home/jeremi/ros2_ws/src/build/urdf_controller/prefix_override:/home/jeremi/ros2_ws/src/install/urdf_controller/lib/python3.10/site-packages:${PYTHONPATH} /usr/bin/python3 setup.py develop --uninstall --editable --build-directory /home/jeremi/ros2_ws/src/build/urdf_controller/build
[3.824s] DEBUG:colcon.colcon_core.event_handler.log_command:Invoked command in '/home/jeremi/ros2_ws/src/build/urdf_controller' returned '0': PYTHONPATH=/home/jeremi/ros2_ws/src/build/urdf_controller/prefix_override:/home/jeremi/ros2_ws/src/install/urdf_controller/lib/python3.10/site-packages:${PYTHONPATH} /usr/bin/python3 setup.py develop --uninstall --editable --build-directory /home/jeremi/ros2_ws/src/build/urdf_controller/build
[3.825s] DEBUG:colcon.colcon_core.event_handler.log_command:Invoking command in '/home/jeremi/ros2_ws/src/urdf_controller': PYTHONPATH=/home/jeremi/ros2_ws/src/build/urdf_controller/prefix_override:/home/jeremi/ros2_ws/src/install/urdf_controller/lib/python3.10/site-packages:${PYTHONPATH} /usr/bin/python3 setup.py egg_info --egg-base ../build/urdf_controller build --build-base /home/jeremi/ros2_ws/src/build/urdf_controller/build install --record /home/jeremi/ros2_ws/src/build/urdf_controller/install.log --single-version-externally-managed
[4.209s] Level 1:colcon.colcon_core.environment:checking '/home/jeremi/ros2_ws/src/install/urdf_controller' for CMake module files
[4.210s] DEBUG:colcon.colcon_core.event_handler.log_command:Invoked command in '/home/jeremi/ros2_ws/src/urdf_controller' returned '0': PYTHONPATH=/home/jeremi/ros2_ws/src/build/urdf_controller/prefix_override:/home/jeremi/ros2_ws/src/install/urdf_controller/lib/python3.10/site-packages:${PYTHONPATH} /usr/bin/python3 setup.py egg_info --egg-base ../build/urdf_controller build --build-base /home/jeremi/ros2_ws/src/build/urdf_controller/build install --record /home/jeremi/ros2_ws/src/build/urdf_controller/install.log --single-version-externally-managed
[4.211s] Level 1:colcon.colcon_core.environment:checking '/home/jeremi/ros2_ws/src/install/urdf_controller' for CMake config files
[4.212s] Level 1:colcon.colcon_core.environment:checking '/home/jeremi/ros2_ws/src/install/urdf_controller/lib'
[4.212s] Level 1:colcon.colcon_core.environment:checking '/home/jeremi/ros2_ws/src/install/urdf_controller/bin'
[4.212s] Level 1:colcon.colcon_core.environment:checking '/home/jeremi/ros2_ws/src/install/urdf_controller/lib/pkgconfig/urdf_controller.pc'
[4.212s] Level 1:colcon.colcon_core.environment:checking '/home/jeremi/ros2_ws/src/install/urdf_controller/lib/python3.10/site-packages'
[4.213s] Level 1:colcon.colcon_core.shell:create_environment_hook('urdf_controller', 'pythonpath')
[4.215s] INFO:colcon.colcon_core.shell:Creating environment hook '/home/jeremi/ros2_ws/src/install/urdf_controller/share/urdf_controller/hook/pythonpath.ps1'
[4.216s] INFO:colcon.colcon_core.shell:Creating environment descriptor '/home/jeremi/ros2_ws/src/install/urdf_controller/share/urdf_controller/hook/pythonpath.dsv'
[4.217s] INFO:colcon.colcon_core.shell:Creating environment hook '/home/jeremi/ros2_ws/src/install/urdf_controller/share/urdf_controller/hook/pythonpath.sh'
[4.217s] Level 1:colcon.colcon_core.environment:checking '/home/jeremi/ros2_ws/src/install/urdf_controller/bin'
[4.218s] Level 1:colcon.colcon_core.environment:create_environment_scripts_only(urdf_controller)
[4.219s] INFO:colcon.colcon_core.shell:Creating package script '/home/jeremi/ros2_ws/src/install/urdf_controller/share/urdf_controller/package.ps1'
[4.221s] INFO:colcon.colcon_core.shell:Creating package descriptor '/home/jeremi/ros2_ws/src/install/urdf_controller/share/urdf_controller/package.dsv'
[4.222s] INFO:colcon.colcon_core.shell:Creating package script '/home/jeremi/ros2_ws/src/install/urdf_controller/share/urdf_controller/package.sh'
[4.223s] INFO:colcon.colcon_core.shell:Creating package script '/home/jeremi/ros2_ws/src/install/urdf_controller/share/urdf_controller/package.bash'
[4.224s] INFO:colcon.colcon_core.shell:Creating package script '/home/jeremi/ros2_ws/src/install/urdf_controller/share/urdf_controller/package.zsh'
[4.225s] Level 1:colcon.colcon_core.environment:create_file_with_runtime_dependencies(/home/jeremi/ros2_ws/src/install/urdf_controller/share/colcon-core/packages/urdf_controller)
[4.226s] DEBUG:colcon.colcon_parallel_executor.executor.parallel:closing loop
[4.227s] DEBUG:colcon.colcon_parallel_executor.executor.parallel:loop closed
[4.227s] DEBUG:colcon.colcon_parallel_executor.executor.parallel:run_until_complete finished with '0'
[4.227s] DEBUG:colcon.colcon_core.event_reactor:joining thread
[4.232s] INFO:colcon.colcon_core.plugin_system:Skipping extension 'colcon_notification.desktop_notification.terminal_notifier': Not used on non-Darwin systems
[4.232s] INFO:colcon.colcon_core.plugin_system:Skipping extension 'colcon_notification.desktop_notification.win32': Not used on non-Windows systems
[4.232s] INFO:colcon.colcon_notification.desktop_notification:Sending desktop notification using 'notify2'
[4.248s] DEBUG:colcon.colcon_core.event_reactor:joined thread
[4.254s] INFO:colcon.colcon_core.shell:Creating prefix script '/home/jeremi/ros2_ws/src/install/local_setup.ps1'
[4.259s] INFO:colcon.colcon_core.shell:Creating prefix util module '/home/jeremi/ros2_ws/src/install/_local_setup_util_ps1.py'
[4.262s] INFO:colcon.colcon_core.shell:Creating prefix chain script '/home/jeremi/ros2_ws/src/install/setup.ps1'
[4.269s] INFO:colcon.colcon_core.shell:Creating prefix script '/home/jeremi/ros2_ws/src/install/local_setup.sh'
[4.270s] INFO:colcon.colcon_core.shell:Creating prefix util module '/home/jeremi/ros2_ws/src/install/_local_setup_util_sh.py'
[4.272s] INFO:colcon.colcon_core.shell:Creating prefix chain script '/home/jeremi/ros2_ws/src/install/setup.sh'
[4.281s] INFO:colcon.colcon_core.shell:Creating prefix script '/home/jeremi/ros2_ws/src/install/local_setup.bash'
[4.283s] INFO:colcon.colcon_core.shell:Creating prefix chain script '/home/jeremi/ros2_ws/src/install/setup.bash'
[4.285s] INFO:colcon.colcon_core.shell:Creating prefix script '/home/jeremi/ros2_ws/src/install/local_setup.zsh'
[4.286s] INFO:colcon.colcon_core.shell:Creating prefix chain script '/home/jeremi/ros2_ws/src/install/setup.zsh'
