[0.934s] DEBUG:colcon:Command line arguments: ['/usr/bin/colcon', 'build']
[0.934s] DEBUG:colcon:Parsed command line arguments: Namespace(log_base=None, log_level=None, verb_name='build', build_base='build', install_base='install', merge_install=False, symlink_install=False, test_result_base=None, continue_on_error=False, executor='parallel', parallel_workers=1, event_handlers=None, ignore_user_meta=False, metas=['./colcon.meta'], base_paths=['.'], packages_ignore=None, packages_ignore_regex=None, paths=None, packages_up_to=None, packages_up_to_regex=None, packages_above=None, packages_above_and_dependencies=None, packages_above_depth=None, packages_select_by_dep=None, packages_skip_by_dep=None, packages_skip_up_to=None, packages_select_build_failed=False, packages_skip_build_finished=False, packages_select_test_failures=False, packages_skip_test_passed=False, packages_select=None, packages_skip=None, packages_select_regex=None, packages_skip_regex=None, packages_start=None, packages_end=None, allow_overriding=[], cmake_args=None, cmake_target=None, cmake_target_skip_unavailable=False, cmake_clean_cache=False, cmake_clean_first=False, cmake_force_configure=False, ament_cmake_args=None, catkin_cmake_args=None, catkin_skip_building_tests=False, verb_parser=<colcon_defaults.argument_parser.defaults.DefaultArgumentsDecorator object at 0x7fb5dc8728c0>, verb_extension=<colcon_core.verb.build.BuildVerb object at 0x7fb5dc872350>, main=<bound method BuildVerb.main of <colcon_core.verb.build.BuildVerb object at 0x7fb5dc872350>>)
[1.000s] Level 1:colcon.colcon_core.package_discovery:discover_packages(colcon_meta) check parameters
[1.000s] Level 1:colcon.colcon_core.package_discovery:discover_packages(recursive) check parameters
[1.000s] Level 1:colcon.colcon_core.package_discovery:discover_packages(ignore) check parameters
[1.000s] Level 1:colcon.colcon_core.package_discovery:discover_packages(path) check parameters
[1.001s] Level 1:colcon.colcon_core.package_discovery:discover_packages(colcon_meta) discover
[1.001s] Level 1:colcon.colcon_core.package_discovery:discover_packages(recursive) discover
[1.001s] INFO:colcon.colcon_core.package_discovery:Crawling recursively for packages in '/home/jeremi/ros2_ws/src'
[1.001s] Level 1:colcon.colcon_core.package_identification:_identify(.) by extensions ['ignore', 'ignore_ament_install']
[1.001s] Level 1:colcon.colcon_core.package_identification:_identify(.) by extension 'ignore'
[1.001s] Level 1:colcon.colcon_core.package_identification:_identify(.) by extension 'ignore_ament_install'
[1.002s] Level 1:colcon.colcon_core.package_identification:_identify(.) by extensions ['colcon_pkg']
[1.002s] Level 1:colcon.colcon_core.package_identification:_identify(.) by extension 'colcon_pkg'
[1.002s] Level 1:colcon.colcon_core.package_identification:_identify(.) by extensions ['colcon_meta']
[1.002s] Level 1:colcon.colcon_core.package_identification:_identify(.) by extension 'colcon_meta'
[1.002s] Level 1:colcon.colcon_core.package_identification:_identify(.) by extensions ['ros']
[1.002s] Level 1:colcon.colcon_core.package_identification:_identify(.) by extension 'ros'
[1.032s] Level 1:colcon.colcon_core.package_identification:_identify(.) by extensions ['cmake', 'python']
[1.032s] Level 1:colcon.colcon_core.package_identification:_identify(.) by extension 'cmake'
[1.033s] Level 1:colcon.colcon_core.package_identification:_identify(.) by extension 'python'
[1.033s] Level 1:colcon.colcon_core.package_identification:_identify(.) by extensions ['python_setup_py']
[1.033s] Level 1:colcon.colcon_core.package_identification:_identify(.) by extension 'python_setup_py'
[1.033s] Level 1:colcon.colcon_core.package_identification:_identify(build) by extensions ['ignore', 'ignore_ament_install']
[1.033s] Level 1:colcon.colcon_core.package_identification:_identify(build) by extension 'ignore'
[1.034s] Level 1:colcon.colcon_core.package_identification:_identify(build) ignored
[1.034s] Level 1:colcon.colcon_core.package_identification:_identify(install) by extensions ['ignore', 'ignore_ament_install']
[1.035s] Level 1:colcon.colcon_core.package_identification:_identify(install) by extension 'ignore'
[1.035s] Level 1:colcon.colcon_core.package_identification:_identify(install) ignored
[1.035s] Level 1:colcon.colcon_core.package_identification:_identify(log) by extensions ['ignore', 'ignore_ament_install']
[1.035s] Level 1:colcon.colcon_core.package_identification:_identify(log) by extension 'ignore'
[1.036s] Level 1:colcon.colcon_core.package_identification:_identify(log) ignored
[1.037s] Level 1:colcon.colcon_core.package_identification:_identify(my_robot_controller) by extensions ['ignore', 'ignore_ament_install']
[1.038s] Level 1:colcon.colcon_core.package_identification:_identify(my_robot_controller) by extension 'ignore'
[1.038s] Level 1:colcon.colcon_core.package_identification:_identify(my_robot_controller) by extension 'ignore_ament_install'
[1.038s] Level 1:colcon.colcon_core.package_identification:_identify(my_robot_controller) by extensions ['colcon_pkg']
[1.038s] Level 1:colcon.colcon_core.package_identification:_identify(my_robot_controller) by extension 'colcon_pkg'
[1.038s] Level 1:colcon.colcon_core.package_identification:_identify(my_robot_controller) by extensions ['colcon_meta']
[1.038s] Level 1:colcon.colcon_core.package_identification:_identify(my_robot_controller) by extension 'colcon_meta'
[1.039s] Level 1:colcon.colcon_core.package_identification:_identify(my_robot_controller) by extensions ['ros']
[1.039s] Level 1:colcon.colcon_core.package_identification:_identify(my_robot_controller) by extension 'ros'
[1.044s] DEBUG:colcon.colcon_core.package_identification:Package 'my_robot_controller' with type 'ros.ament_python' and name 'my_robot_controller'
[1.044s] Level 1:colcon.colcon_core.package_identification:_identify(urdf_controller) by extensions ['ignore', 'ignore_ament_install']
[1.044s] Level 1:colcon.colcon_core.package_identification:_identify(urdf_controller) by extension 'ignore'
[1.045s] Level 1:colcon.colcon_core.package_identification:_identify(urdf_controller) by extension 'ignore_ament_install'
[1.045s] Level 1:colcon.colcon_core.package_identification:_identify(urdf_controller) by extensions ['colcon_pkg']
[1.045s] Level 1:colcon.colcon_core.package_identification:_identify(urdf_controller) by extension 'colcon_pkg'
[1.045s] Level 1:colcon.colcon_core.package_identification:_identify(urdf_controller) by extensions ['colcon_meta']
[1.045s] Level 1:colcon.colcon_core.package_identification:_identify(urdf_controller) by extension 'colcon_meta'
[1.045s] Level 1:colcon.colcon_core.package_identification:_identify(urdf_controller) by extensions ['ros']
[1.046s] Level 1:colcon.colcon_core.package_identification:_identify(urdf_controller) by extension 'ros'
[1.047s] DEBUG:colcon.colcon_core.package_identification:Package 'urdf_controller' with type 'ros.ament_python' and name 'urdf_controller'
[1.047s] Level 1:colcon.colcon_core.package_discovery:discover_packages(recursive) using defaults
[1.048s] Level 1:colcon.colcon_core.package_discovery:discover_packages(ignore) discover
[1.048s] Level 1:colcon.colcon_core.package_discovery:discover_packages(ignore) using defaults
[1.048s] Level 1:colcon.colcon_core.package_discovery:discover_packages(path) discover
[1.048s] Level 1:colcon.colcon_core.package_discovery:discover_packages(path) using defaults
[1.102s] Level 1:colcon.colcon_core.package_discovery:discover_packages(prefix_path) check parameters
[1.103s] Level 1:colcon.colcon_core.package_discovery:discover_packages(prefix_path) discover
[1.111s] DEBUG:colcon.colcon_installed_package_information.package_discovery:Found 2 installed packages in /home/jeremi/ros2_ws/src/install
[1.112s] DEBUG:colcon.colcon_installed_package_information.package_discovery:Found 2 installed packages in /home/jeremi/ros2_ws/install
[1.116s] DEBUG:colcon.colcon_installed_package_information.package_discovery:Found 274 installed packages in /opt/ros/humble
[1.118s] Level 1:colcon.colcon_core.package_discovery:discover_packages(prefix_path) using defaults
[1.297s] Level 5:colcon.colcon_core.verb:set package 'my_robot_controller' build argument 'cmake_args' from command line to 'None'
[1.297s] Level 5:colcon.colcon_core.verb:set package 'my_robot_controller' build argument 'cmake_target' from command line to 'None'
[1.297s] Level 5:colcon.colcon_core.verb:set package 'my_robot_controller' build argument 'cmake_target_skip_unavailable' from command line to 'False'
[1.298s] Level 5:colcon.colcon_core.verb:set package 'my_robot_controller' build argument 'cmake_clean_cache' from command line to 'False'
[1.298s] Level 5:colcon.colcon_core.verb:set package 'my_robot_controller' build argument 'cmake_clean_first' from command line to 'False'
[1.298s] Level 5:colcon.colcon_core.verb:set package 'my_robot_controller' build argument 'cmake_force_configure' from command line to 'False'
[1.298s] Level 5:colcon.colcon_core.verb:set package 'my_robot_controller' build argument 'ament_cmake_args' from command line to 'None'
[1.298s] Level 5:colcon.colcon_core.verb:set package 'my_robot_controller' build argument 'catkin_cmake_args' from command line to 'None'
[1.298s] Level 5:colcon.colcon_core.verb:set package 'my_robot_controller' build argument 'catkin_skip_building_tests' from command line to 'False'
[1.298s] DEBUG:colcon.colcon_core.verb:Building package 'my_robot_controller' with the following arguments: {'ament_cmake_args': None, 'build_base': '/home/jeremi/ros2_ws/src/build/my_robot_controller', 'catkin_cmake_args': None, 'catkin_skip_building_tests': False, 'cmake_args': None, 'cmake_clean_cache': False, 'cmake_clean_first': False, 'cmake_force_configure': False, 'cmake_target': None, 'cmake_target_skip_unavailable': False, 'install_base': '/home/jeremi/ros2_ws/src/install/my_robot_controller', 'merge_install': False, 'path': '/home/jeremi/ros2_ws/src/my_robot_controller', 'symlink_install': False, 'test_result_base': None}
[1.300s] Level 5:colcon.colcon_core.verb:set package 'urdf_controller' build argument 'cmake_args' from command line to 'None'
[1.300s] Level 5:colcon.colcon_core.verb:set package 'urdf_controller' build argument 'cmake_target' from command line to 'None'
[1.300s] Level 5:colcon.colcon_core.verb:set package 'urdf_controller' build argument 'cmake_target_skip_unavailable' from command line to 'False'
[1.300s] Level 5:colcon.colcon_core.verb:set package 'urdf_controller' build argument 'cmake_clean_cache' from command line to 'False'
[1.300s] Level 5:colcon.colcon_core.verb:set package 'urdf_controller' build argument 'cmake_clean_first' from command line to 'False'
[1.300s] Level 5:colcon.colcon_core.verb:set package 'urdf_controller' build argument 'cmake_force_configure' from command line to 'False'
[1.301s] Level 5:colcon.colcon_core.verb:set package 'urdf_controller' build argument 'ament_cmake_args' from command line to 'None'
[1.301s] Level 5:colcon.colcon_core.verb:set package 'urdf_controller' build argument 'catkin_cmake_args' from command line to 'None'
[1.301s] Level 5:colcon.colcon_core.verb:set package 'urdf_controller' build argument 'catkin_skip_building_tests' from command line to 'False'
[1.301s] DEBUG:colcon.colcon_core.verb:Building package 'urdf_controller' with the following arguments: {'ament_cmake_args': None, 'build_base': '/home/jeremi/ros2_ws/src/build/urdf_controller', 'catkin_cmake_args': None, 'catkin_skip_building_tests': False, 'cmake_args': None, 'cmake_clean_cache': False, 'cmake_clean_first': False, 'cmake_force_configure': False, 'cmake_target': None, 'cmake_target_skip_unavailable': False, 'install_base': '/home/jeremi/ros2_ws/src/install/urdf_controller', 'merge_install': False, 'path': '/home/jeremi/ros2_ws/src/urdf_controller', 'symlink_install': False, 'test_result_base': None}
[1.302s] INFO:colcon.colcon_core.executor:Executing jobs using 'parallel' executor
[1.305s] DEBUG:colcon.colcon_parallel_executor.executor.parallel:run_until_complete
[1.306s] INFO:colcon.colcon_ros.task.ament_python.build:Building ROS package in '/home/jeremi/ros2_ws/src/my_robot_controller' with build type 'ament_python'
[1.306s] Level 1:colcon.colcon_core.shell:create_environment_hook('my_robot_controller', 'ament_prefix_path')
[1.319s] INFO:colcon.colcon_core.plugin_system:Skipping extension 'colcon_core.shell.bat': Not used on non-Windows systems
[1.319s] INFO:colcon.colcon_core.shell:Creating environment hook '/home/jeremi/ros2_ws/src/install/my_robot_controller/share/my_robot_controller/hook/ament_prefix_path.ps1'
[1.321s] INFO:colcon.colcon_core.shell:Creating environment descriptor '/home/jeremi/ros2_ws/src/install/my_robot_controller/share/my_robot_controller/hook/ament_prefix_path.dsv'
[1.323s] INFO:colcon.colcon_core.shell:Creating environment hook '/home/jeremi/ros2_ws/src/install/my_robot_controller/share/my_robot_controller/hook/ament_prefix_path.sh'
[1.326s] INFO:colcon.colcon_core.shell:Skip shell extension 'powershell' for command environment: Not usable outside of PowerShell
[1.326s] DEBUG:colcon.colcon_core.shell:Skip shell extension 'dsv' for command environment
[1.826s] INFO:colcon.colcon_core.task.python.build:Building Python package in '/home/jeremi/ros2_ws/src/my_robot_controller'
[1.828s] INFO:colcon.colcon_core.shell:Skip shell extension 'powershell' for command environment: Not usable outside of PowerShell
[1.828s] DEBUG:colcon.colcon_core.shell:Skip shell extension 'dsv' for command environment
[2.391s] DEBUG:colcon.colcon_core.event_handler.log_command:Invoking command in '/home/jeremi/ros2_ws/src/build/my_robot_controller': PYTHONPATH=/home/jeremi/ros2_ws/src/build/my_robot_controller/prefix_override:/home/jeremi/ros2_ws/src/install/my_robot_controller/lib/python3.10/site-packages:${PYTHONPATH} /usr/bin/python3 setup.py develop --uninstall --editable --build-directory /home/jeremi/ros2_ws/src/build/my_robot_controller/build
[3.087s] DEBUG:colcon.colcon_core.event_handler.log_command:Invoked command in '/home/jeremi/ros2_ws/src/build/my_robot_controller' returned '0': PYTHONPATH=/home/jeremi/ros2_ws/src/build/my_robot_controller/prefix_override:/home/jeremi/ros2_ws/src/install/my_robot_controller/lib/python3.10/site-packages:${PYTHONPATH} /usr/bin/python3 setup.py develop --uninstall --editable --build-directory /home/jeremi/ros2_ws/src/build/my_robot_controller/build
[3.088s] DEBUG:colcon.colcon_core.event_handler.log_command:Invoking command in '/home/jeremi/ros2_ws/src/my_robot_controller': PYTHONPATH=/home/jeremi/ros2_ws/src/build/my_robot_controller/prefix_override:/home/jeremi/ros2_ws/src/install/my_robot_controller/lib/python3.10/site-packages:${PYTHONPATH} /usr/bin/python3 setup.py egg_info --egg-base ../build/my_robot_controller build --build-base /home/jeremi/ros2_ws/src/build/my_robot_controller/build install --record /home/jeremi/ros2_ws/src/build/my_robot_controller/install.log --single-version-externally-managed
[3.584s] DEBUG:colcon.colcon_core.event_handler.log_command:Invoked command in '/home/jeremi/ros2_ws/src/my_robot_controller' returned '0': PYTHONPATH=/home/jeremi/ros2_ws/src/build/my_robot_controller/prefix_override:/home/jeremi/ros2_ws/src/install/my_robot_controller/lib/python3.10/site-packages:${PYTHONPATH} /usr/bin/python3 setup.py egg_info --egg-base ../build/my_robot_controller build --build-base /home/jeremi/ros2_ws/src/build/my_robot_controller/build install --record /home/jeremi/ros2_ws/src/build/my_robot_controller/install.log --single-version-externally-managed
[3.596s] Level 1:colcon.colcon_core.environment:checking '/home/jeremi/ros2_ws/src/install/my_robot_controller' for CMake module files
[3.597s] Level 1:colcon.colcon_core.environment:checking '/home/jeremi/ros2_ws/src/install/my_robot_controller' for CMake config files
[3.600s] Level 1:colcon.colcon_core.environment:checking '/home/jeremi/ros2_ws/src/install/my_robot_controller/lib'
[3.601s] Level 1:colcon.colcon_core.environment:checking '/home/jeremi/ros2_ws/src/install/my_robot_controller/bin'
[3.601s] Level 1:colcon.colcon_core.environment:checking '/home/jeremi/ros2_ws/src/install/my_robot_controller/lib/pkgconfig/my_robot_controller.pc'
[3.601s] Level 1:colcon.colcon_core.environment:checking '/home/jeremi/ros2_ws/src/install/my_robot_controller/lib/python3.10/site-packages'
[3.602s] Level 1:colcon.colcon_core.shell:create_environment_hook('my_robot_controller', 'pythonpath')
[3.603s] INFO:colcon.colcon_core.shell:Creating environment hook '/home/jeremi/ros2_ws/src/install/my_robot_controller/share/my_robot_controller/hook/pythonpath.ps1'
[3.604s] INFO:colcon.colcon_core.shell:Creating environment descriptor '/home/jeremi/ros2_ws/src/install/my_robot_controller/share/my_robot_controller/hook/pythonpath.dsv'
[3.605s] INFO:colcon.colcon_core.shell:Creating environment hook '/home/jeremi/ros2_ws/src/install/my_robot_controller/share/my_robot_controller/hook/pythonpath.sh'
[3.606s] Level 1:colcon.colcon_core.environment:checking '/home/jeremi/ros2_ws/src/install/my_robot_controller/bin'
[3.607s] Level 1:colcon.colcon_core.environment:create_environment_scripts_only(my_robot_controller)
[3.614s] INFO:colcon.colcon_core.shell:Creating package script '/home/jeremi/ros2_ws/src/install/my_robot_controller/share/my_robot_controller/package.ps1'
[3.617s] INFO:colcon.colcon_core.shell:Creating package descriptor '/home/jeremi/ros2_ws/src/install/my_robot_controller/share/my_robot_controller/package.dsv'
[3.619s] INFO:colcon.colcon_core.shell:Creating package script '/home/jeremi/ros2_ws/src/install/my_robot_controller/share/my_robot_controller/package.sh'
[3.621s] INFO:colcon.colcon_core.shell:Creating package script '/home/jeremi/ros2_ws/src/install/my_robot_controller/share/my_robot_controller/package.bash'
[3.623s] INFO:colcon.colcon_core.shell:Creating package script '/home/jeremi/ros2_ws/src/install/my_robot_controller/share/my_robot_controller/package.zsh'
[3.625s] Level 1:colcon.colcon_core.environment:create_file_with_runtime_dependencies(/home/jeremi/ros2_ws/src/install/my_robot_controller/share/colcon-core/packages/my_robot_controller)
[3.627s] INFO:colcon.colcon_ros.task.ament_python.build:Building ROS package in '/home/jeremi/ros2_ws/src/urdf_controller' with build type 'ament_python'
[3.627s] Level 1:colcon.colcon_core.shell:create_environment_hook('urdf_controller', 'ament_prefix_path')
[3.629s] INFO:colcon.colcon_core.shell:Creating environment hook '/home/jeremi/ros2_ws/src/install/urdf_controller/share/urdf_controller/hook/ament_prefix_path.ps1'
[3.630s] INFO:colcon.colcon_core.shell:Creating environment descriptor '/home/jeremi/ros2_ws/src/install/urdf_controller/share/urdf_controller/hook/ament_prefix_path.dsv'
[3.630s] INFO:colcon.colcon_core.shell:Creating environment hook '/home/jeremi/ros2_ws/src/install/urdf_controller/share/urdf_controller/hook/ament_prefix_path.sh'
[3.633s] INFO:colcon.colcon_core.shell:Skip shell extension 'powershell' for command environment: Not usable outside of PowerShell
[3.633s] DEBUG:colcon.colcon_core.shell:Skip shell extension 'dsv' for command environment
[4.074s] INFO:colcon.colcon_core.task.python.build:Building Python package in '/home/jeremi/ros2_ws/src/urdf_controller'
[4.076s] INFO:colcon.colcon_core.shell:Skip shell extension 'powershell' for command environment: Not usable outside of PowerShell
[4.077s] DEBUG:colcon.colcon_core.shell:Skip shell extension 'dsv' for command environment
[4.577s] DEBUG:colcon.colcon_core.event_handler.log_command:Invoking command in '/home/jeremi/ros2_ws/src/build/urdf_controller': PYTHONPATH=/home/jeremi/ros2_ws/src/build/urdf_controller/prefix_override:/home/jeremi/ros2_ws/src/install/urdf_controller/lib/python3.10/site-packages:${PYTHONPATH} /usr/bin/python3 setup.py develop --uninstall --editable --build-directory /home/jeremi/ros2_ws/src/build/urdf_controller/build
[5.266s] DEBUG:colcon.colcon_core.event_handler.log_command:Invoked command in '/home/jeremi/ros2_ws/src/build/urdf_controller' returned '0': PYTHONPATH=/home/jeremi/ros2_ws/src/build/urdf_controller/prefix_override:/home/jeremi/ros2_ws/src/install/urdf_controller/lib/python3.10/site-packages:${PYTHONPATH} /usr/bin/python3 setup.py develop --uninstall --editable --build-directory /home/jeremi/ros2_ws/src/build/urdf_controller/build
[5.268s] DEBUG:colcon.colcon_core.event_handler.log_command:Invoking command in '/home/jeremi/ros2_ws/src/urdf_controller': PYTHONPATH=/home/jeremi/ros2_ws/src/build/urdf_controller/prefix_override:/home/jeremi/ros2_ws/src/install/urdf_controller/lib/python3.10/site-packages:${PYTHONPATH} /usr/bin/python3 setup.py egg_info --egg-base ../build/urdf_controller build --build-base /home/jeremi/ros2_ws/src/build/urdf_controller/build install --record /home/jeremi/ros2_ws/src/build/urdf_controller/install.log --single-version-externally-managed
[5.738s] Level 1:colcon.colcon_core.environment:checking '/home/jeremi/ros2_ws/src/install/urdf_controller' for CMake module files
[5.739s] DEBUG:colcon.colcon_core.event_handler.log_command:Invoked command in '/home/jeremi/ros2_ws/src/urdf_controller' returned '0': PYTHONPATH=/home/jeremi/ros2_ws/src/build/urdf_controller/prefix_override:/home/jeremi/ros2_ws/src/install/urdf_controller/lib/python3.10/site-packages:${PYTHONPATH} /usr/bin/python3 setup.py egg_info --egg-base ../build/urdf_controller build --build-base /home/jeremi/ros2_ws/src/build/urdf_controller/build install --record /home/jeremi/ros2_ws/src/build/urdf_controller/install.log --single-version-externally-managed
[5.739s] Level 1:colcon.colcon_core.environment:checking '/home/jeremi/ros2_ws/src/install/urdf_controller' for CMake config files
[5.744s] Level 1:colcon.colcon_core.environment:checking '/home/jeremi/ros2_ws/src/install/urdf_controller/lib'
[5.745s] Level 1:colcon.colcon_core.environment:checking '/home/jeremi/ros2_ws/src/install/urdf_controller/bin'
[5.745s] Level 1:colcon.colcon_core.environment:checking '/home/jeremi/ros2_ws/src/install/urdf_controller/lib/pkgconfig/urdf_controller.pc'
[5.745s] Level 1:colcon.colcon_core.environment:checking '/home/jeremi/ros2_ws/src/install/urdf_controller/lib/python3.10/site-packages'
[5.746s] Level 1:colcon.colcon_core.shell:create_environment_hook('urdf_controller', 'pythonpath')
[5.747s] INFO:colcon.colcon_core.shell:Creating environment hook '/home/jeremi/ros2_ws/src/install/urdf_controller/share/urdf_controller/hook/pythonpath.ps1'
[5.748s] INFO:colcon.colcon_core.shell:Creating environment descriptor '/home/jeremi/ros2_ws/src/install/urdf_controller/share/urdf_controller/hook/pythonpath.dsv'
[5.748s] INFO:colcon.colcon_core.shell:Creating environment hook '/home/jeremi/ros2_ws/src/install/urdf_controller/share/urdf_controller/hook/pythonpath.sh'
[5.749s] Level 1:colcon.colcon_core.environment:checking '/home/jeremi/ros2_ws/src/install/urdf_controller/bin'
[5.749s] Level 1:colcon.colcon_core.environment:create_environment_scripts_only(urdf_controller)
[5.751s] INFO:colcon.colcon_core.shell:Creating package script '/home/jeremi/ros2_ws/src/install/urdf_controller/share/urdf_controller/package.ps1'
[5.753s] INFO:colcon.colcon_core.shell:Creating package descriptor '/home/jeremi/ros2_ws/src/install/urdf_controller/share/urdf_controller/package.dsv'
[5.754s] INFO:colcon.colcon_core.shell:Creating package script '/home/jeremi/ros2_ws/src/install/urdf_controller/share/urdf_controller/package.sh'
[5.756s] INFO:colcon.colcon_core.shell:Creating package script '/home/jeremi/ros2_ws/src/install/urdf_controller/share/urdf_controller/package.bash'
[5.757s] INFO:colcon.colcon_core.shell:Creating package script '/home/jeremi/ros2_ws/src/install/urdf_controller/share/urdf_controller/package.zsh'
[5.758s] Level 1:colcon.colcon_core.environment:create_file_with_runtime_dependencies(/home/jeremi/ros2_ws/src/install/urdf_controller/share/colcon-core/packages/urdf_controller)
[5.759s] DEBUG:colcon.colcon_parallel_executor.executor.parallel:closing loop
[5.760s] DEBUG:colcon.colcon_parallel_executor.executor.parallel:loop closed
[5.760s] DEBUG:colcon.colcon_parallel_executor.executor.parallel:run_until_complete finished with '0'
[5.760s] DEBUG:colcon.colcon_core.event_reactor:joining thread
[5.788s] INFO:colcon.colcon_core.plugin_system:Skipping extension 'colcon_notification.desktop_notification.terminal_notifier': Not used on non-Darwin systems
[5.789s] INFO:colcon.colcon_core.plugin_system:Skipping extension 'colcon_notification.desktop_notification.win32': Not used on non-Windows systems
[5.789s] INFO:colcon.colcon_notification.desktop_notification:Sending desktop notification using 'notify2'
[5.806s] DEBUG:colcon.colcon_core.event_reactor:joined thread
[5.808s] INFO:colcon.colcon_core.shell:Creating prefix script '/home/jeremi/ros2_ws/src/install/local_setup.ps1'
[5.814s] INFO:colcon.colcon_core.shell:Creating prefix util module '/home/jeremi/ros2_ws/src/install/_local_setup_util_ps1.py'
[5.819s] INFO:colcon.colcon_core.shell:Creating prefix chain script '/home/jeremi/ros2_ws/src/install/setup.ps1'
[5.832s] INFO:colcon.colcon_core.shell:Creating prefix script '/home/jeremi/ros2_ws/src/install/local_setup.sh'
[5.834s] INFO:colcon.colcon_core.shell:Creating prefix util module '/home/jeremi/ros2_ws/src/install/_local_setup_util_sh.py'
[5.835s] INFO:colcon.colcon_core.shell:Creating prefix chain script '/home/jeremi/ros2_ws/src/install/setup.sh'
[5.841s] INFO:colcon.colcon_core.shell:Creating prefix script '/home/jeremi/ros2_ws/src/install/local_setup.bash'
[5.844s] INFO:colcon.colcon_core.shell:Creating prefix chain script '/home/jeremi/ros2_ws/src/install/setup.bash'
[5.854s] INFO:colcon.colcon_core.shell:Creating prefix script '/home/jeremi/ros2_ws/src/install/local_setup.zsh'
[5.856s] INFO:colcon.colcon_core.shell:Creating prefix chain script '/home/jeremi/ros2_ws/src/install/setup.zsh'
