[0.850s] Invoking command in '/home/jeremi/ros2_ws/src/build/my_robot_controller': PYTHONPATH=/home/jeremi/ros2_ws/src/build/my_robot_controller/prefix_override:/home/jeremi/ros2_ws/src/install/my_robot_controller/lib/python3.10/site-packages:${PYTHONPATH} /usr/bin/python3 setup.py develop --uninstall --editable --build-directory /home/jeremi/ros2_ws/src/build/my_robot_controller/build
[1.212s] running develop
[1.430s] Invoked command in '/home/jeremi/ros2_ws/src/build/my_robot_controller' returned '0': PYTHONPATH=/home/jeremi/ros2_ws/src/build/my_robot_controller/prefix_override:/home/jeremi/ros2_ws/src/install/my_robot_controller/lib/python3.10/site-packages:${PYTHONPATH} /usr/bin/python3 setup.py develop --uninstall --editable --build-directory /home/jeremi/ros2_ws/src/build/my_robot_controller/build
[1.431s] Invoking command in '/home/jeremi/ros2_ws/src/my_robot_controller': PYTHONPATH=/home/jeremi/ros2_ws/src/build/my_robot_controller/prefix_override:/home/jeremi/ros2_ws/src/install/my_robot_controller/lib/python3.10/site-packages:${PYTHONPATH} /usr/bin/python3 setup.py egg_info --egg-base ../build/my_robot_controller build --build-base /home/jeremi/ros2_ws/src/build/my_robot_controller/build install --record /home/jeremi/ros2_ws/src/build/my_robot_controller/install.log --single-version-externally-managed
[1.733s] running egg_info
[1.735s] writing ../build/my_robot_controller/my_robot_controller.egg-info/PKG-INFO
[1.737s] writing dependency_links to ../build/my_robot_controller/my_robot_controller.egg-info/dependency_links.txt
[1.738s] writing entry points to ../build/my_robot_controller/my_robot_controller.egg-info/entry_points.txt
[1.740s] writing requirements to ../build/my_robot_controller/my_robot_controller.egg-info/requires.txt
[1.741s] writing top-level names to ../build/my_robot_controller/my_robot_controller.egg-info/top_level.txt
[1.744s] reading manifest file '../build/my_robot_controller/my_robot_controller.egg-info/SOURCES.txt'
[1.747s] writing manifest file '../build/my_robot_controller/my_robot_controller.egg-info/SOURCES.txt'
[1.748s] running build
[1.749s] running build_py
[1.750s] running install
[1.751s] running install_lib
[1.753s] running install_data
[1.754s] running install_egg_info
[1.759s] removing '/home/jeremi/ros2_ws/src/install/my_robot_controller/lib/python3.10/site-packages/my_robot_controller-0.0.0-py3.10.egg-info' (and everything under it)
[1.777s] Copying ../build/my_robot_controller/my_robot_controller.egg-info to /home/jeremi/ros2_ws/src/install/my_robot_controller/lib/python3.10/site-packages/my_robot_controller-0.0.0-py3.10.egg-info
[1.778s] running install_scripts
[1.794s] Installing draw_circle script to /home/jeremi/ros2_ws/src/install/my_robot_controller/lib/my_robot_controller
[1.797s] Installing pose_subscriber script to /home/jeremi/ros2_ws/src/install/my_robot_controller/lib/my_robot_controller
[1.798s] Installing test_node script to /home/jeremi/ros2_ws/src/install/my_robot_controller/lib/my_robot_controller
[1.800s] Installing turtle_controller script to /home/jeremi/ros2_ws/src/install/my_robot_controller/lib/my_robot_controller
[1.801s] writing list of installed files to '/home/jeremi/ros2_ws/src/build/my_robot_controller/install.log'
[1.851s] Invoked command in '/home/jeremi/ros2_ws/src/my_robot_controller' returned '0': PYTHONPATH=/home/jeremi/ros2_ws/src/build/my_robot_controller/prefix_override:/home/jeremi/ros2_ws/src/install/my_robot_controller/lib/python3.10/site-packages:${PYTHONPATH} /usr/bin/python3 setup.py egg_info --egg-base ../build/my_robot_controller build --build-base /home/jeremi/ros2_ws/src/build/my_robot_controller/build install --record /home/jeremi/ros2_ws/src/build/my_robot_controller/install.log --single-version-externally-managed
